0 verbose cli /opt/homebrew/Cellar/node/25.2.1/bin/node /opt/homebrew/bin/npm
1 info using npm@11.6.2
2 info using node@v25.2.1
3 silly config load:file:/opt/homebrew/lib/node_modules/npm/npmrc
4 silly config load:file:/Users/junjeong/Documents/문서 - 주녕의 MacBook Pro/coding/project/sikggu_FE/.npmrc
5 silly config load:file:/Users/junjeong/.npmrc
6 silly config load:file:/opt/homebrew/etc/npmrc
7 verbose title npm install @hookform/resolvers
8 verbose argv "install" "@hookform/resolvers"
9 verbose logfile logs-max:10 dir:/Users/junjeong/Documents/문서 - 주녕의 MacBook Pro/coding/project/sikggu_FE/.npm-cache/_logs/2026-01-11T05_18_01_623Z-
10 verbose logfile /Users/junjeong/Documents/문서 - 주녕의 MacBook Pro/coding/project/sikggu_FE/.npm-cache/_logs/2026-01-11T05_18_01_623Z-debug-0.log
11 silly logfile done cleaning log files
12 silly packumentCache heap:4496293888 maxSize:1124073472 maxEntrySize:562036736
13 verbose shrinkwrap failed to load node_modules/.package-lock.json out of date, updated: node_modules
14 silly idealTree buildDeps
15 silly fetch manifest @hookform/resolvers@*
16 silly packumentCache full:https://registry.npmjs.org/@hookform%2fresolvers cache-miss
17 http fetch GET 200 https://registry.npmjs.org/@hookform%2fresolvers 237ms (cache miss)
18 silly packumentCache full:https://registry.npmjs.org/@hookform%2fresolvers set size:undefined disposed:false
19 silly fetch manifest react-hook-form@^7.70.0
20 silly packumentCache full:https://registry.npmjs.org/react-hook-form cache-miss
21 http fetch GET 200 https://registry.npmjs.org/react-hook-form 329ms (cache updated)
22 silly packumentCache full:https://registry.npmjs.org/react-hook-form set size:undefined disposed:false
23 silly fetch manifest react@^19.2.0
24 silly packumentCache full:https://registry.npmjs.org/react cache-miss
25 http fetch GET 200 https://registry.npmjs.org/react 59ms (cache revalidated)
26 silly packumentCache full:https://registry.npmjs.org/react set size:6366570 disposed:false
27 silly placeDep ROOT @hookform/resolvers@5.2.2 OK for: sikggu@0.0.0 want: *
28 silly fetch manifest @standard-schema/utils@^0.3.0
29 silly packumentCache full:https://registry.npmjs.org/@standard-schema%2futils cache-miss
30 http fetch GET 200 https://registry.npmjs.org/@standard-schema%2futils 96ms (cache miss)
31 silly packumentCache full:https://registry.npmjs.org/@standard-schema%2futils set size:undefined disposed:false
32 silly placeDep ROOT @standard-schema/utils@0.3.0 OK for: @hookform/resolvers@5.2.2 want: ^0.3.0
33 silly reify moves {}
34 silly audit bulk request {
34 silly audit   '@acemir/cssom': [ '0.9.30' ],
34 silly audit   '@alloc/quick-lru': [ '5.2.0' ],
34 silly audit   '@asamuzakjp/css-color': [ '4.1.1' ],
34 silly audit   'lru-cache': [ '11.2.4', '5.1.1' ],
34 silly audit   '@asamuzakjp/dom-selector': [ '6.7.6' ],
34 silly audit   '@asamuzakjp/nwsapi': [ '2.3.9' ],
34 silly audit   '@babel/code-frame': [ '7.27.1' ],
34 silly audit   '@babel/compat-data': [ '7.28.5' ],
34 silly audit   '@babel/core': [ '7.28.5' ],
34 silly audit   '@babel/generator': [ '7.28.5' ],
34 silly audit   '@babel/helper-compilation-targets': [ '7.27.2' ],
34 silly audit   '@babel/helper-globals': [ '7.28.0' ],
34 silly audit   '@babel/helper-module-imports': [ '7.27.1' ],
34 silly audit   '@babel/helper-module-transforms': [ '7.28.3' ],
34 silly audit   '@babel/helper-plugin-utils': [ '7.27.1' ],
34 silly audit   '@babel/helper-string-parser': [ '7.27.1' ],
34 silly audit   '@babel/helper-validator-identifier': [ '7.28.5' ],
34 silly audit   '@babel/helper-validator-option': [ '7.27.1' ],
34 silly audit   '@babel/helpers': [ '7.28.4' ],
34 silly audit   '@babel/parser': [ '7.28.5' ],
34 silly audit   '@babel/plugin-transform-react-jsx-self': [ '7.27.1' ],
34 silly audit   '@babel/plugin-transform-react-jsx-source': [ '7.27.1' ],
34 silly audit   '@babel/runtime': [ '7.28.4' ],
34 silly audit   '@babel/template': [ '7.27.2' ],
34 silly audit   '@babel/traverse': [ '7.28.5' ],
34 silly audit   '@babel/types': [ '7.28.5' ],
34 silly audit   '@csstools/color-helpers': [ '5.1.0' ],
34 silly audit   '@csstools/css-calc': [ '2.1.4' ],
34 silly audit   '@csstools/css-color-parser': [ '3.1.0' ],
34 silly audit   '@csstools/css-parser-algorithms': [ '3.0.5' ],
34 silly audit   '@csstools/css-syntax-patches-for-csstree': [ '1.0.23' ],
34 silly audit   '@csstools/css-tokenizer': [ '3.0.4' ],
34 silly audit   '@esbuild/aix-ppc64': [ '0.27.1' ],
34 silly audit   '@esbuild/android-arm': [ '0.27.1' ],
34 silly audit   '@esbuild/android-arm64': [ '0.27.1' ],
34 silly audit   '@esbuild/android-x64': [ '0.27.1' ],
34 silly audit   '@esbuild/darwin-arm64': [ '0.27.1' ],
34 silly audit   '@esbuild/darwin-x64': [ '0.27.1' ],
34 silly audit   '@esbuild/freebsd-arm64': [ '0.27.1' ],
34 silly audit   '@esbuild/freebsd-x64': [ '0.27.1' ],
34 silly audit   '@esbuild/linux-arm': [ '0.27.1' ],
34 silly audit   '@esbuild/linux-arm64': [ '0.27.1' ],
34 silly audit   '@esbuild/linux-ia32': [ '0.27.1' ],
34 silly audit   '@esbuild/linux-loong64': [ '0.27.1' ],
34 silly audit   '@esbuild/linux-mips64el': [ '0.27.1' ],
34 silly audit   '@esbuild/linux-ppc64': [ '0.27.1' ],
34 silly audit   '@esbuild/linux-riscv64': [ '0.27.1' ],
34 silly audit   '@esbuild/linux-s390x': [ '0.27.1' ],
34 silly audit   '@esbuild/linux-x64': [ '0.27.1' ],
34 silly audit   '@esbuild/netbsd-arm64': [ '0.27.1' ],
34 silly audit   '@esbuild/netbsd-x64': [ '0.27.1' ],
34 silly audit   '@esbuild/openbsd-arm64': [ '0.27.1' ],
34 silly audit   '@esbuild/openbsd-x64': [ '0.27.1' ],
34 silly audit   '@esbuild/openharmony-arm64': [ '0.27.1' ],
34 silly audit   '@esbuild/sunos-x64': [ '0.27.1' ],
34 silly audit   '@esbuild/win32-arm64': [ '0.27.1' ],
34 silly audit   '@esbuild/win32-ia32': [ '0.27.1' ],
34 silly audit   '@esbuild/win32-x64': [ '0.27.1' ],
34 silly audit   '@eslint-community/eslint-utils': [ '4.9.0' ],
34 silly audit   'eslint-visitor-keys': [ '3.4.3', '4.2.1' ],
34 silly audit   '@eslint-community/regexpp': [ '4.12.2' ],
34 silly audit   '@eslint/config-array': [ '0.21.1' ],
34 silly audit   '@eslint/config-helpers': [ '0.4.2' ],
34 silly audit   '@eslint/core': [ '0.17.0' ],
34 silly audit   '@eslint/eslintrc': [ '3.3.3' ],
34 silly audit   globals: [ '14.0.0', '16.5.0' ],
34 silly audit   '@eslint/js': [ '9.39.2' ],
34 silly audit   '@eslint/object-schema': [ '2.1.7' ],
34 silly audit   '@eslint/plugin-kit': [ '0.4.1' ],
34 silly audit   '@exodus/bytes': [ '1.8.0' ],
34 silly audit   '@humanfs/core': [ '0.19.1' ],
34 silly audit   '@humanfs/node': [ '0.16.7' ],
34 silly audit   '@humanwhocodes/module-importer': [ '1.0.1' ],
34 silly audit   '@humanwhocodes/retry': [ '0.4.3' ],
34 silly audit   '@jridgewell/gen-mapping': [ '0.3.13' ],
34 silly audit   '@jridgewell/remapping': [ '2.3.5' ],
34 silly audit   '@jridgewell/resolve-uri': [ '3.1.2' ],
34 silly audit   '@jridgewell/sourcemap-codec': [ '1.5.5' ],
34 silly audit   '@jridgewell/trace-mapping': [ '0.3.31' ],
34 silly audit   '@nodelib/fs.scandir': [ '2.1.5' ],
34 silly audit   '@nodelib/fs.stat': [ '2.0.5' ],
34 silly audit   '@nodelib/fs.walk': [ '1.2.8' ],
34 silly audit   '@rolldown/pluginutils': [ '1.0.0-beta.53' ],
34 silly audit   '@rollup/rollup-android-arm-eabi': [ '4.53.5' ],
34 silly audit   '@rollup/rollup-android-arm64': [ '4.53.5' ],
34 silly audit   '@rollup/rollup-darwin-arm64': [ '4.53.5' ],
34 silly audit   '@rollup/rollup-darwin-x64': [ '4.53.5' ],
34 silly audit   '@rollup/rollup-freebsd-arm64': [ '4.53.5' ],
34 silly audit   '@rollup/rollup-freebsd-x64': [ '4.53.5' ],
34 silly audit   '@rollup/rollup-linux-arm-gnueabihf': [ '4.53.5' ],
34 silly audit   '@rollup/rollup-linux-arm-musleabihf': [ '4.53.5' ],
34 silly audit   '@rollup/rollup-linux-arm64-gnu': [ '4.53.5' ],
34 silly audit   '@rollup/rollup-linux-arm64-musl': [ '4.53.5' ],
34 silly audit   '@rollup/rollup-linux-loong64-gnu': [ '4.53.5' ],
34 silly audit   '@rollup/rollup-linux-ppc64-gnu': [ '4.53.5' ],
34 silly audit   '@rollup/rollup-linux-riscv64-gnu': [ '4.53.5' ],
34 silly audit   '@rollup/rollup-linux-riscv64-musl': [ '4.53.5' ],
34 silly audit   '@rollup/rollup-linux-s390x-gnu': [ '4.53.5' ],
34 silly audit   '@rollup/rollup-linux-x64-gnu': [ '4.53.5' ],
34 silly audit   '@rollup/rollup-linux-x64-musl': [ '4.53.5' ],
34 silly audit   '@rollup/rollup-openharmony-arm64': [ '4.53.5' ],
34 silly audit   '@rollup/rollup-win32-arm64-msvc': [ '4.53.5' ],
34 silly audit   '@rollup/rollup-win32-ia32-msvc': [ '4.53.5' ],
34 silly audit   '@rollup/rollup-win32-x64-gnu': [ '4.53.5' ],
34 silly audit   '@rollup/rollup-win32-x64-msvc': [ '4.53.5' ],
34 silly audit   '@standard-schema/spec': [ '1.1.0' ],
34 silly audit   '@tanstack/query-core': [ '5.90.16' ],
34 silly audit   '@tanstack/react-query': [ '5.90.16' ],
34 silly audit   '@testing-library/dom': [ '10.4.1' ],
34 silly audit   '@testing-library/react': [ '16.3.1' ],
34 silly audit   '@testing-library/user-event': [ '14.6.1' ],
34 silly audit   '@types/aria-query': [ '5.0.4' ],
34 silly audit   '@types/babel__core': [ '7.20.5' ],
34 silly audit   '@types/babel__generator': [ '7.27.0' ],
34 silly audit   '@types/babel__template': [ '7.4.4' ],
34 silly audit   '@types/babel__traverse': [ '7.28.0' ],
34 silly audit   '@types/chai': [ '5.2.3' ],
34 silly audit   '@types/deep-eql': [ '4.0.2' ],
34 silly audit   '@types/estree': [ '1.0.8' ],
34 silly audit   '@types/json-schema': [ '7.0.15' ],
34 silly audit   '@types/node': [ '24.10.4' ],
34 silly audit   '@types/react': [ '19.2.7' ],
34 silly audit   '@types/react-dom': [ '19.2.3' ],
34 silly audit   '@typescript-eslint/eslint-plugin': [ '8.50.0' ],
34 silly audit   ignore: [ '7.0.5', '5.3.2' ],
34 silly audit   '@typescript-eslint/parser': [ '8.50.0' ],
34 silly audit   '@typescript-eslint/project-service': [ '8.50.0' ],
34 silly audit   '@typescript-eslint/scope-manager': [ '8.50.0' ],
34 silly audit   '@typescript-eslint/tsconfig-utils': [ '8.50.0' ],
34 silly audit   '@typescript-eslint/type-utils': [ '8.50.0' ],
34 silly audit   '@typescript-eslint/types': [ '8.50.0' ],
34 silly audit   '@typescript-eslint/typescript-estree': [ '8.50.0' ],
34 silly audit   'brace-expansion': [ '2.0.2', '1.1.12' ],
34 silly audit   minimatch: [ '9.0.5', '3.1.2' ],
34 silly audit   semver: [ '7.7.3', '6.3.1' ],
34 silly audit   '@typescript-eslint/utils': [ '8.50.0' ],
34 silly audit   '@typescript-eslint/visitor-keys': [ '8.50.0' ],
34 silly audit   '@vitejs/plugin-react': [ '5.1.2' ],
34 silly audit   '@vitest/expect': [ '4.0.16' ],
34 silly audit   '@vitest/mocker': [ '4.0.16' ],
34 silly audit   '@vitest/pretty-format': [ '4.0.16' ],
34 silly audit   '@vitest/runner': [ '4.0.16' ],
34 silly audit   '@vitest/snapshot': [ '4.0.16' ],
34 silly audit   '@vitest/spy': [ '4.0.16' ],
34 silly audit   '@vitest/utils': [ '4.0.16' ],
34 silly audit   acorn: [ '8.15.0' ],
34 silly audit   'acorn-jsx': [ '5.3.2' ],
34 silly audit   'agent-base': [ '7.1.4' ],
34 silly audit   ajv: [ '6.12.6' ],
34 silly audit   'ansi-regex': [ '5.0.1' ],
34 silly audit   'ansi-styles': [ '4.3.0', '5.2.0' ],
34 silly audit   'any-promise': [ '1.3.0' ],
34 silly audit   anymatch: [ '3.1.3' ],
34 silly audit   picomatch: [ '2.3.1', '4.0.3' ],
34 silly audit   arg: [ '5.0.2' ],
34 silly audit   argparse: [ '2.0.1' ],
34 silly audit   'aria-query': [ '5.3.0' ],
34 silly audit   'assertion-error': [ '2.0.1' ],
34 silly audit   asynckit: [ '0.4.0' ],
34 silly audit   autoprefixer: [ '10.4.23' ],
34 silly audit   axios: [ '1.13.2' ],
34 silly audit   'balanced-match': [ '1.0.2' ],
34 silly audit   'baseline-browser-mapping': [ '2.9.7' ],
34 silly audit   'bidi-js': [ '1.0.3' ],
34 silly audit   'binary-extensions': [ '2.3.0' ],
34 silly audit   braces: [ '3.0.3' ],
34 silly audit   browserslist: [ '4.28.1' ],
34 silly audit   'call-bind-apply-helpers': [ '1.0.2' ],
34 silly audit   callsites: [ '3.1.0' ],
34 silly audit   'camelcase-css': [ '2.0.1' ],
34 silly audit   'caniuse-lite': [ '1.0.30001760' ],
34 silly audit   chai: [ '6.2.2' ],
34 silly audit   chalk: [ '4.1.2' ],
34 silly audit   chokidar: [ '3.6.0' ],
34 silly audit   'glob-parent': [ '5.1.2', '6.0.2' ],
34 silly audit   'class-variance-authority': [ '0.7.1' ],
34 silly audit   clsx: [ '2.1.1' ],
34 silly audit   'color-convert': [ '2.0.1' ],
34 silly audit   'color-name': [ '1.1.4' ],
34 silly audit   'combined-stream': [ '1.0.8' ],
34 silly audit   commander: [ '4.1.1' ],
34 silly audit   'concat-map': [ '0.0.1' ],
34 silly audit   'convert-source-map': [ '2.0.0' ],
34 silly audit   cookie: [ '1.1.1' ],
34 silly audit   'cross-spawn': [ '7.0.6' ],
34 silly audit   'css-tree': [ '3.1.0' ],
34 silly audit   cssesc: [ '3.0.0' ],
34 silly audit   cssstyle: [ '5.3.7' ],
34 silly audit   csstype: [ '3.2.3' ],
34 silly audit   'data-urls': [ '6.0.0' ],
34 silly audit   debug: [ '4.4.3' ],
34 silly audit   'decimal.js': [ '10.6.0' ],
34 silly audit   'deep-is': [ '0.1.4' ],
34 silly audit   'delayed-stream': [ '1.0.0' ],
34 silly audit   dequal: [ '2.0.3' ],
34 silly audit   didyoumean: [ '1.2.2' ],
34 silly audit   dlv: [ '1.1.3' ],
34 silly audit   'dom-accessibility-api': [ '0.5.16' ],
34 silly audit   'dunder-proto': [ '1.0.1' ],
34 silly audit   'electron-to-chromium': [ '1.5.267' ],
34 silly audit   entities: [ '6.0.1' ],
34 silly audit   'es-define-property': [ '1.0.1' ],
34 silly audit   'es-errors': [ '1.3.0' ],
34 silly audit   'es-module-lexer': [ '1.7.0' ],
34 silly audit   'es-object-atoms': [ '1.1.1' ],
34 silly audit   'es-set-tostringtag': [ '2.1.0' ],
34 silly audit   esbuild: [ '0.27.1' ],
34 silly audit   escalade: [ '3.2.0' ],
34 silly audit   'escape-string-regexp': [ '4.0.0' ],
34 silly audit   eslint: [ '9.39.2' ],
34 silly audit   'eslint-plugin-react-hooks': [ '7.0.1' ],
34 silly audit   'eslint-plugin-react-refresh': [ '0.4.25' ],
34 silly audit   'eslint-scope': [ '8.4.0' ],
34 silly audit   espree: [ '10.4.0' ],
34 silly audit   esquery: [ '1.6.0' ],
34 silly audit   esrecurse: [ '4.3.0' ],
34 silly audit   estraverse: [ '5.3.0' ],
34 silly audit   'estree-walker': [ '3.0.3' ],
34 silly audit   esutils: [ '2.0.3' ],
34 silly audit   'expect-type': [ '1.3.0' ],
34 silly audit   'fast-deep-equal': [ '3.1.3' ],
34 silly audit   'fast-glob': [ '3.3.3' ],
34 silly audit   'fast-json-stable-stringify': [ '2.1.0' ],
34 silly audit   'fast-levenshtein': [ '2.0.6' ],
34 silly audit   fastq: [ '1.19.1' ],
34 silly audit   fdir: [ '6.5.0' ],
34 silly audit   'file-entry-cache': [ '8.0.0' ],
34 silly audit   'fill-range': [ '7.1.1' ],
34 silly audit   'find-up': [ '5.0.0' ],
34 silly audit   'flat-cache': [ '4.0.1' ],
34 silly audit   flatted: [ '3.3.3' ],
34 silly audit   'follow-redirects': [ '1.15.11' ],
34 silly audit   'form-data': [ '4.0.5' ],
34 silly audit   'fraction.js': [ '5.3.4' ],
34 silly audit   'framer-motion': [ '12.23.26' ],
34 silly audit   fsevents: [ '2.3.3' ],
34 silly audit   'function-bind': [ '1.1.2' ],
34 silly audit   gensync: [ '1.0.0-beta.2' ],
34 silly audit   'get-intrinsic': [ '1.3.0' ],
34 silly audit   'get-proto': [ '1.0.1' ],
34 silly audit   gopd: [ '1.2.0' ],
34 silly audit   'has-flag': [ '4.0.0' ],
34 silly audit   'has-symbols': [ '1.1.0' ],
34 silly audit   'has-tostringtag': [ '1.0.2' ],
34 silly audit   hasown: [ '2.0.2' ],
34 silly audit   'hermes-estree': [ '0.25.1' ],
34 silly audit   'hermes-parser': [ '0.25.1' ],
34 silly audit   'html-encoding-sniffer': [ '6.0.0' ],
34 silly audit   'http-proxy-agent': [ '7.0.2' ],
34 silly audit   'https-proxy-agent': [ '7.0.6' ],
34 silly audit   'import-fresh': [ '3.3.1' ],
34 silly audit   imurmurhash: [ '0.1.4' ],
34 silly audit   'is-binary-path': [ '2.1.0' ],
34 silly audit   'is-core-module': [ '2.16.1' ],
34 silly audit   'is-extglob': [ '2.1.1' ],
34 silly audit   'is-glob': [ '4.0.3' ],
34 silly audit   'is-number': [ '7.0.0' ],
34 silly audit   'is-potential-custom-element-name': [ '1.0.1' ],
34 silly audit   isexe: [ '2.0.0' ],
34 silly audit   jiti: [ '1.21.7' ],
34 silly audit   'js-tokens': [ '4.0.0' ],
34 silly audit   'js-yaml': [ '4.1.1' ],
34 silly audit   jsdom: [ '27.4.0' ],
34 silly audit   jsesc: [ '3.1.0' ],
34 silly audit   'json-buffer': [ '3.0.1' ],
34 silly audit   'json-schema-traverse': [ '0.4.1' ],
34 silly audit   'json-stable-stringify-without-jsonify': [ '1.0.1' ],
34 silly audit   json5: [ '2.2.3' ],
34 silly audit   keyv: [ '4.5.4' ],
34 silly audit   levn: [ '0.4.1' ],
34 silly audit   lilconfig: [ '3.1.3' ],
34 silly audit   'lines-and-columns': [ '1.2.4' ],
34 silly audit   'locate-path': [ '6.0.0' ],
34 silly audit   'lodash.merge': [ '4.6.2' ],
34 silly audit   'lz-string': [ '1.5.0' ],
34 silly audit   'magic-string': [ '0.30.21' ],
34 silly audit   'math-intrinsics': [ '1.1.0' ],
34 silly audit   'mdn-data': [ '2.12.2' ],
34 silly audit   merge2: [ '1.4.1' ],
34 silly audit   micromatch: [ '4.0.8' ],
34 silly audit   'mime-db': [ '1.52.0' ],
34 silly audit   'mime-types': [ '2.1.35' ],
34 silly audit   'motion-dom': [ '12.23.23' ],
34 silly audit   'motion-utils': [ '12.23.6' ],
34 silly audit   ms: [ '2.1.3' ],
34 silly audit   mz: [ '2.7.0' ],
34 silly audit   nanoid: [ '3.3.11' ],
34 silly audit   'natural-compare': [ '1.4.0' ],
34 silly audit   'node-releases': [ '2.0.27' ],
34 silly audit   'normalize-path': [ '3.0.0' ],
34 silly audit   'object-assign': [ '4.1.1' ],
34 silly audit   'object-hash': [ '3.0.0' ],
34 silly audit   obug: [ '2.1.1' ],
34 silly audit   optionator: [ '0.9.4' ],
34 silly audit   'p-limit': [ '3.1.0' ],
34 silly audit   'p-locate': [ '5.0.0' ],
34 silly audit   'parent-module': [ '1.0.1' ],
34 silly audit   parse5: [ '8.0.0' ],
34 silly audit   'path-exists': [ '4.0.0' ],
34 silly audit   'path-key': [ '3.1.1' ],
34 silly audit   'path-parse': [ '1.0.7' ],
34 silly audit   pathe: [ '2.0.3' ],
34 silly audit   picocolors: [ '1.1.1' ],
34 silly audit   pify: [ '2.3.0' ],
34 silly audit   pirates: [ '4.0.7' ],
34 silly audit   postcss: [ '8.5.6' ],
34 silly audit   'postcss-import': [ '15.1.0' ],
34 silly audit   'postcss-js': [ '4.1.0' ],
34 silly audit   'postcss-load-config': [ '4.0.2' ],
34 silly audit   'postcss-nested': [ '6.2.0' ],
34 silly audit   'postcss-selector-parser': [ '6.1.2' ],
34 silly audit   'postcss-value-parser': [ '4.2.0' ],
34 silly audit   'prelude-ls': [ '1.2.1' ],
34 silly audit   'pretty-format': [ '27.5.1' ],
34 silly audit   'proxy-from-env': [ '1.1.0' ],
34 silly audit   punycode: [ '2.3.1' ],
34 silly audit   'queue-microtask': [ '1.2.3' ],
34 silly audit   react: [ '19.2.3' ],
34 silly audit   'react-dom': [ '19.2.3' ],
34 silly audit   'react-hook-form': [ '7.70.0' ],
34 silly audit   'react-icons': [ '5.5.0' ],
34 silly audit   'react-is': [ '17.0.2' ],
34 silly audit   'react-refresh': [ '0.18.0' ],
34 silly audit   'react-router': [ '7.10.1' ],
34 silly audit   'react-router-dom': [ '7.10.1' ],
34 silly audit   'read-cache': [ '1.0.0' ],
34 silly audit   readdirp: [ '3.6.0' ],
34 silly audit   'require-from-string': [ '2.0.2' ],
34 silly audit   resolve: [ '1.22.11' ],
34 silly audit   'resolve-from': [ '4.0.0' ],
34 silly audit   reusify: [ '1.1.0' ],
34 silly audit   rollup: [ '4.53.5' ],
34 silly audit   'run-parallel': [ '1.2.0' ],
34 silly audit   saxes: [ '6.0.0' ],
34 silly audit   scheduler: [ '0.27.0' ],
34 silly audit   'set-cookie-parser': [ '2.7.2' ],
34 silly audit   'shebang-command': [ '2.0.0' ],
34 silly audit   'shebang-regex': [ '3.0.0' ],
34 silly audit   siginfo: [ '2.0.0' ],
34 silly audit   'source-map-js': [ '1.2.1' ],
34 silly audit   stackback: [ '0.0.2' ],
34 silly audit   'std-env': [ '3.10.0' ],
34 silly audit   'strip-json-comments': [ '3.1.1' ],
34 silly audit   sucrase: [ '3.35.1' ],
34 silly audit   'supports-color': [ '7.2.0' ],
34 silly audit   'supports-preserve-symlinks-flag': [ '1.0.0' ],
34 silly audit   swiper: [ '12.0.3' ],
34 silly audit   'symbol-tree': [ '3.2.4' ],
34 silly audit   'tailwind-merge': [ '3.4.0' ],
34 silly audit   'tailwind-scrollbar-hide': [ '4.0.0' ],
34 silly audit   tailwindcss: [ '3.4.17' ],
34 silly audit   thenify: [ '3.3.1' ],
34 silly audit   'thenify-all': [ '1.6.0' ],
34 silly audit   tinybench: [ '2.9.0' ],
34 silly audit   tinyexec: [ '1.0.2' ],
34 silly audit   tinyglobby: [ '0.2.15' ],
34 silly audit   tinyrainbow: [ '3.0.3' ],
34 silly audit   tldts: [ '7.0.19' ],
34 silly audit   'tldts-core': [ '7.0.19' ],
34 silly audit   'to-regex-range': [ '5.0.1' ],
34 silly audit   'tough-cookie': [ '6.0.0' ],
34 silly audit   tr46: [ '6.0.0' ],
34 silly audit   'ts-api-utils': [ '2.1.0' ],
34 silly audit   'ts-interface-checker': [ '0.1.13' ],
34 silly audit   tslib: [ '2.8.1' ],
34 silly audit   'type-check': [ '0.4.0' ],
34 silly audit   typescript: [ '5.9.3' ],
34 silly audit   'typescript-eslint': [ '8.50.0' ],
34 silly audit   'undici-types': [ '7.16.0' ],
34 silly audit   'update-browserslist-db': [ '1.2.2' ],
34 silly audit   'uri-js': [ '4.4.1' ],
34 silly audit   'util-deprecate': [ '1.0.2' ],
34 silly audit   vite: [ '7.3.0' ],
34 silly audit   vitest: [ '4.0.16' ],
34 silly audit   'w3c-xmlserializer': [ '5.0.0' ],
34 silly audit   'webidl-conversions': [ '8.0.1' ],
34 silly audit   'whatwg-mimetype': [ '4.0.0' ],
34 silly audit   'whatwg-url': [ '15.1.0' ],
34 silly audit   which: [ '2.0.2' ],
34 silly audit   'why-is-node-running': [ '2.3.0' ],
34 silly audit   'word-wrap': [ '1.2.5' ],
34 silly audit   ws: [ '8.19.0' ],
34 silly audit   'xml-name-validator': [ '5.0.0' ],
34 silly audit   xmlchars: [ '2.2.0' ],
34 silly audit   yallist: [ '3.1.1' ],
34 silly audit   yaml: [ '2.8.2' ],
34 silly audit   'yocto-queue': [ '0.1.0' ],
34 silly audit   zod: [ '4.3.5' ],
34 silly audit   'zod-validation-error': [ '4.0.2' ],
34 silly audit   zustand: [ '5.0.9' ],
34 silly audit   '@hookform/resolvers': [ '5.2.2' ],
34 silly audit   '@standard-schema/utils': [ '0.3.0' ]
34 silly audit }
35 http cache @standard-schema/utils@https://registry.npmjs.org/@standard-schema/utils/-/utils-0.3.0.tgz 0ms (cache hit)
36 http cache @hookform/resolvers@https://registry.npmjs.org/@hookform/resolvers/-/resolvers-5.2.2.tgz 0ms (cache hit)
37 silly tarball no local data for @standard-schema/utils@https://registry.npmjs.org/@standard-schema/utils/-/utils-0.3.0.tgz. Extracting by manifest.
38 silly tarball no local data for @hookform/resolvers@https://registry.npmjs.org/@hookform/resolvers/-/resolvers-5.2.2.tgz. Extracting by manifest.
39 http fetch GET 200 https://registry.npmjs.org/@standard-schema/utils/-/utils-0.3.0.tgz 90ms (cache miss)
40 http fetch POST 200 https://registry.npmjs.org/-/npm/v1/security/advisories/bulk 160ms
41 silly audit report {
41 silly audit report   'react-router': [
41 silly audit report     {
41 silly audit report       id: 1111964,
41 silly audit report       url: 'https://github.com/advisories/GHSA-h5cw-625j-3rxh',
41 silly audit report       title: 'React Router has CSRF issue in Action/Server Action Request Processing',
41 silly audit report       severity: 'moderate',
41 silly audit report       vulnerable_versions: '>=7.0.0 <=7.11.0',
41 silly audit report       cwe: [Array],
41 silly audit report       cvss: [Object]
41 silly audit report     },
41 silly audit report     {
41 silly audit report       id: 1111966,
41 silly audit report       url: 'https://github.com/advisories/GHSA-2w69-qvjg-hvjx',
41 silly audit report       title: 'React Router vulnerable to XSS via Open Redirects',
41 silly audit report       severity: 'high',
41 silly audit report       vulnerable_versions: '>=7.0.0 <=7.11.0',
41 silly audit report       cwe: [Array],
41 silly audit report       cvss: [Object]
41 silly audit report     },
41 silly audit report     {
41 silly audit report       id: 1111979,
41 silly audit report       url: 'https://github.com/advisories/GHSA-8v8x-cx79-35w7',
41 silly audit report       title: 'React Router SSR XSS in ScrollRestoration',
41 silly audit report       severity: 'high',
41 silly audit report       vulnerable_versions: '>=7.0.0 <7.12.0',
41 silly audit report       cwe: [Array],
41 silly audit report       cvss: [Object]
41 silly audit report     }
41 silly audit report   ]
41 silly audit report }
42 silly packumentCache corgi:https://registry.npmjs.org/react-router cache-miss
43 http fetch GET 200 https://registry.npmjs.org/@hookform/resolvers/-/resolvers-5.2.2.tgz 233ms (cache miss)
44 http fetch GET 200 https://registry.npmjs.org/react-router 275ms (cache updated)
45 silly packumentCache corgi:https://registry.npmjs.org/react-router set size:undefined disposed:false
46 silly packumentCache corgi:https://registry.npmjs.org/react-router-dom cache-miss
47 http fetch GET 200 https://registry.npmjs.org/react-router-dom 51ms (cache updated)
48 silly packumentCache corgi:https://registry.npmjs.org/react-router-dom set size:undefined disposed:false
49 silly ADD node_modules/@standard-schema/utils
50 silly ADD node_modules/@hookform/resolvers
51 verbose cwd /Users/junjeong/Documents/문서 - 주녕의 MacBook Pro/coding/project/sikggu_FE
52 verbose os Darwin 25.2.0
53 verbose node v25.2.1
54 verbose npm  v11.6.2
55 verbose exit 0
56 info ok
