0 verbose cli /opt/homebrew/Cellar/node/25.2.1/bin/node /opt/homebrew/bin/npm
1 info using npm@11.6.2
2 info using node@v25.2.1
3 silly config load:file:/opt/homebrew/lib/node_modules/npm/npmrc
4 silly config load:file:/Users/junjeong/Documents/문서 - 주녕의 MacBook Pro/coding/project/sikggu_FE/.npmrc
5 silly config load:file:/Users/junjeong/.npmrc
6 silly config load:file:/opt/homebrew/etc/npmrc
7 verbose title npm install zustand @tanstack/react-query react-hook-form zod class-variance-authority clsx tailwind-merge
8 verbose argv "install" "zustand" "@tanstack/react-query" "react-hook-form" "zod" "class-variance-authority" "clsx" "tailwind-merge"
9 verbose logfile logs-max:10 dir:/Users/junjeong/Documents/문서 - 주녕의 MacBook Pro/coding/project/sikggu_FE/.npm-cache/_logs/2026-01-09T06_00_38_080Z-
10 verbose logfile /Users/junjeong/Documents/문서 - 주녕의 MacBook Pro/coding/project/sikggu_FE/.npm-cache/_logs/2026-01-09T06_00_38_080Z-debug-0.log
11 silly logfile done cleaning log files
12 silly packumentCache heap:4496293888 maxSize:1124073472 maxEntrySize:562036736
13 verbose shrinkwrap failed to load node_modules/.package-lock.json out of date, updated: node_modules
14 silly idealTree buildDeps
15 silly fetch manifest zustand@*
16 silly packumentCache full:https://registry.npmjs.org/zustand cache-miss
17 http fetch GET 200 https://registry.npmjs.org/zustand 162ms (cache miss)
18 silly packumentCache full:https://registry.npmjs.org/zustand set size:undefined disposed:false
19 silly fetch manifest @types/react@^19.2.5
20 silly packumentCache full:https://registry.npmjs.org/@types%2freact cache-miss
21 http fetch GET 200 https://registry.npmjs.org/@types%2freact 53ms (cache revalidated)
22 silly packumentCache full:https://registry.npmjs.org/@types%2freact set size:2541992 disposed:false
23 silly fetch manifest immer@>=9.0.6
24 silly packumentCache full:https://registry.npmjs.org/immer cache-miss
25 http fetch GET 200 https://registry.npmjs.org/immer 38ms (cache miss)
26 silly packumentCache full:https://registry.npmjs.org/immer set size:undefined disposed:false
27 silly fetch manifest react@^19.2.0
28 silly packumentCache full:https://registry.npmjs.org/react cache-miss
29 http fetch GET 200 https://registry.npmjs.org/react 38ms (cache revalidated)
30 silly packumentCache full:https://registry.npmjs.org/react set size:6366570 disposed:false
31 silly fetch manifest use-sync-external-store@>=1.2.0
32 silly packumentCache full:https://registry.npmjs.org/use-sync-external-store cache-miss
33 http fetch GET 200 https://registry.npmjs.org/use-sync-external-store 117ms (cache miss)
34 silly packumentCache full:https://registry.npmjs.org/use-sync-external-store set size:undefined disposed:false
35 silly fetch manifest @tanstack/react-query@*
36 silly packumentCache full:https://registry.npmjs.org/@tanstack%2freact-query cache-miss
37 http fetch GET 200 https://registry.npmjs.org/@tanstack%2freact-query 111ms (cache miss)
38 silly packumentCache full:https://registry.npmjs.org/@tanstack%2freact-query set size:undefined disposed:false
39 silly fetch manifest react-hook-form@*
40 silly packumentCache full:https://registry.npmjs.org/react-hook-form cache-miss
41 http fetch GET 200 https://registry.npmjs.org/react-hook-form 134ms (cache miss)
42 silly packumentCache full:https://registry.npmjs.org/react-hook-form set size:undefined disposed:false
43 silly fetch manifest zod@*
44 silly packumentCache full:https://registry.npmjs.org/zod cache-miss
45 http fetch GET 200 https://registry.npmjs.org/zod 39ms (cache revalidated)
46 silly packumentCache full:https://registry.npmjs.org/zod set size:3462856 disposed:false
47 silly fetch manifest class-variance-authority@*
48 silly packumentCache full:https://registry.npmjs.org/class-variance-authority cache-miss
49 http fetch GET 200 https://registry.npmjs.org/class-variance-authority 38ms (cache miss)
50 silly packumentCache full:https://registry.npmjs.org/class-variance-authority set size:undefined disposed:false
51 silly fetch manifest clsx@*
52 silly packumentCache full:https://registry.npmjs.org/clsx cache-miss
53 http fetch GET 200 https://registry.npmjs.org/clsx 67ms (cache miss)
54 silly packumentCache full:https://registry.npmjs.org/clsx set size:undefined disposed:false
55 silly fetch manifest tailwind-merge@*
56 silly packumentCache full:https://registry.npmjs.org/tailwind-merge cache-miss
57 http fetch GET 200 https://registry.npmjs.org/tailwind-merge 57ms (cache miss)
58 silly packumentCache full:https://registry.npmjs.org/tailwind-merge set size:undefined disposed:false
59 silly placeDep ROOT @tanstack/react-query@5.90.16 OK for: sikggu@0.0.0 want: *
60 silly placeDep ROOT class-variance-authority@0.7.1 OK for: sikggu@0.0.0 want: *
61 silly placeDep ROOT clsx@2.1.1 OK for: sikggu@0.0.0 want: *
62 silly placeDep ROOT react-hook-form@7.70.0 OK for: sikggu@0.0.0 want: *
63 silly placeDep ROOT tailwind-merge@3.4.0 OK for: sikggu@0.0.0 want: *
64 silly placeDep ROOT zod@4.3.5 REPLACE for: sikggu@0.0.0 want: *
65 silly placeDep ROOT zustand@5.0.9 OK for: sikggu@0.0.0 want: *
66 silly fetch manifest @tanstack/query-core@5.90.16
67 silly packumentCache full:https://registry.npmjs.org/@tanstack%2fquery-core cache-miss
68 silly fetch manifest clsx@^2.1.1
69 silly packumentCache full:https://registry.npmjs.org/clsx cache-miss
70 http cache https://registry.npmjs.org/clsx 6ms (cache hit)
71 silly packumentCache full:https://registry.npmjs.org/clsx set size:42506 disposed:false
72 http fetch GET 200 https://registry.npmjs.org/@tanstack%2fquery-core 118ms (cache miss)
73 silly packumentCache full:https://registry.npmjs.org/@tanstack%2fquery-core set size:undefined disposed:false
74 silly placeDep ROOT @tanstack/query-core@5.90.16 OK for: @tanstack/react-query@5.90.16 want: 5.90.16
75 silly reify mark retired [
75 silly reify   '/Users/junjeong/Documents/문서 - 주녕의 MacBook Pro/coding/project/sikggu_FE/node_modules/zod'
75 silly reify ]
76 silly reify moves {
76 silly reify   '/Users/junjeong/Documents/문서 - 주녕의 MacBook Pro/coding/project/sikggu_FE/node_modules/zod': '/Users/junjeong/Documents/문서 - 주녕의 MacBook Pro/coding/project/sikggu_FE/node_modules/.zod-UvawlE1y'
76 silly reify }
77 silly audit bulk request {
77 silly audit   '@alloc/quick-lru': [ '5.2.0' ],
77 silly audit   '@babel/code-frame': [ '7.27.1' ],
77 silly audit   '@babel/compat-data': [ '7.28.5' ],
77 silly audit   '@babel/core': [ '7.28.5' ],
77 silly audit   '@babel/generator': [ '7.28.5' ],
77 silly audit   '@babel/helper-compilation-targets': [ '7.27.2' ],
77 silly audit   '@babel/helper-globals': [ '7.28.0' ],
77 silly audit   '@babel/helper-module-imports': [ '7.27.1' ],
77 silly audit   '@babel/helper-module-transforms': [ '7.28.3' ],
77 silly audit   '@babel/helper-plugin-utils': [ '7.27.1' ],
77 silly audit   '@babel/helper-string-parser': [ '7.27.1' ],
77 silly audit   '@babel/helper-validator-identifier': [ '7.28.5' ],
77 silly audit   '@babel/helper-validator-option': [ '7.27.1' ],
77 silly audit   '@babel/helpers': [ '7.28.4' ],
77 silly audit   '@babel/parser': [ '7.28.5' ],
77 silly audit   '@babel/plugin-transform-react-jsx-self': [ '7.27.1' ],
77 silly audit   '@babel/plugin-transform-react-jsx-source': [ '7.27.1' ],
77 silly audit   '@babel/template': [ '7.27.2' ],
77 silly audit   '@babel/traverse': [ '7.28.5' ],
77 silly audit   '@babel/types': [ '7.28.5' ],
77 silly audit   '@esbuild/aix-ppc64': [ '0.27.1' ],
77 silly audit   '@esbuild/android-arm': [ '0.27.1' ],
77 silly audit   '@esbuild/android-arm64': [ '0.27.1' ],
77 silly audit   '@esbuild/android-x64': [ '0.27.1' ],
77 silly audit   '@esbuild/darwin-arm64': [ '0.27.1' ],
77 silly audit   '@esbuild/darwin-x64': [ '0.27.1' ],
77 silly audit   '@esbuild/freebsd-arm64': [ '0.27.1' ],
77 silly audit   '@esbuild/freebsd-x64': [ '0.27.1' ],
77 silly audit   '@esbuild/linux-arm': [ '0.27.1' ],
77 silly audit   '@esbuild/linux-arm64': [ '0.27.1' ],
77 silly audit   '@esbuild/linux-ia32': [ '0.27.1' ],
77 silly audit   '@esbuild/linux-loong64': [ '0.27.1' ],
77 silly audit   '@esbuild/linux-mips64el': [ '0.27.1' ],
77 silly audit   '@esbuild/linux-ppc64': [ '0.27.1' ],
77 silly audit   '@esbuild/linux-riscv64': [ '0.27.1' ],
77 silly audit   '@esbuild/linux-s390x': [ '0.27.1' ],
77 silly audit   '@esbuild/linux-x64': [ '0.27.1' ],
77 silly audit   '@esbuild/netbsd-arm64': [ '0.27.1' ],
77 silly audit   '@esbuild/netbsd-x64': [ '0.27.1' ],
77 silly audit   '@esbuild/openbsd-arm64': [ '0.27.1' ],
77 silly audit   '@esbuild/openbsd-x64': [ '0.27.1' ],
77 silly audit   '@esbuild/openharmony-arm64': [ '0.27.1' ],
77 silly audit   '@esbuild/sunos-x64': [ '0.27.1' ],
77 silly audit   '@esbuild/win32-arm64': [ '0.27.1' ],
77 silly audit   '@esbuild/win32-ia32': [ '0.27.1' ],
77 silly audit   '@esbuild/win32-x64': [ '0.27.1' ],
77 silly audit   '@eslint-community/eslint-utils': [ '4.9.0' ],
77 silly audit   'eslint-visitor-keys': [ '3.4.3', '4.2.1' ],
77 silly audit   '@eslint-community/regexpp': [ '4.12.2' ],
77 silly audit   '@eslint/config-array': [ '0.21.1' ],
77 silly audit   '@eslint/config-helpers': [ '0.4.2' ],
77 silly audit   '@eslint/core': [ '0.17.0' ],
77 silly audit   '@eslint/eslintrc': [ '3.3.3' ],
77 silly audit   globals: [ '14.0.0', '16.5.0' ],
77 silly audit   '@eslint/js': [ '9.39.2' ],
77 silly audit   '@eslint/object-schema': [ '2.1.7' ],
77 silly audit   '@eslint/plugin-kit': [ '0.4.1' ],
77 silly audit   '@humanfs/core': [ '0.19.1' ],
77 silly audit   '@humanfs/node': [ '0.16.7' ],
77 silly audit   '@humanwhocodes/module-importer': [ '1.0.1' ],
77 silly audit   '@humanwhocodes/retry': [ '0.4.3' ],
77 silly audit   '@jridgewell/gen-mapping': [ '0.3.13' ],
77 silly audit   '@jridgewell/remapping': [ '2.3.5' ],
77 silly audit   '@jridgewell/resolve-uri': [ '3.1.2' ],
77 silly audit   '@jridgewell/sourcemap-codec': [ '1.5.5' ],
77 silly audit   '@jridgewell/trace-mapping': [ '0.3.31' ],
77 silly audit   '@nodelib/fs.scandir': [ '2.1.5' ],
77 silly audit   '@nodelib/fs.stat': [ '2.0.5' ],
77 silly audit   '@nodelib/fs.walk': [ '1.2.8' ],
77 silly audit   '@rolldown/pluginutils': [ '1.0.0-beta.53' ],
77 silly audit   '@rollup/rollup-android-arm-eabi': [ '4.53.5' ],
77 silly audit   '@rollup/rollup-android-arm64': [ '4.53.5' ],
77 silly audit   '@rollup/rollup-darwin-arm64': [ '4.53.5' ],
77 silly audit   '@rollup/rollup-darwin-x64': [ '4.53.5' ],
77 silly audit   '@rollup/rollup-freebsd-arm64': [ '4.53.5' ],
77 silly audit   '@rollup/rollup-freebsd-x64': [ '4.53.5' ],
77 silly audit   '@rollup/rollup-linux-arm-gnueabihf': [ '4.53.5' ],
77 silly audit   '@rollup/rollup-linux-arm-musleabihf': [ '4.53.5' ],
77 silly audit   '@rollup/rollup-linux-arm64-gnu': [ '4.53.5' ],
77 silly audit   '@rollup/rollup-linux-arm64-musl': [ '4.53.5' ],
77 silly audit   '@rollup/rollup-linux-loong64-gnu': [ '4.53.5' ],
77 silly audit   '@rollup/rollup-linux-ppc64-gnu': [ '4.53.5' ],
77 silly audit   '@rollup/rollup-linux-riscv64-gnu': [ '4.53.5' ],
77 silly audit   '@rollup/rollup-linux-riscv64-musl': [ '4.53.5' ],
77 silly audit   '@rollup/rollup-linux-s390x-gnu': [ '4.53.5' ],
77 silly audit   '@rollup/rollup-linux-x64-gnu': [ '4.53.5' ],
77 silly audit   '@rollup/rollup-linux-x64-musl': [ '4.53.5' ],
77 silly audit   '@rollup/rollup-openharmony-arm64': [ '4.53.5' ],
77 silly audit   '@rollup/rollup-win32-arm64-msvc': [ '4.53.5' ],
77 silly audit   '@rollup/rollup-win32-ia32-msvc': [ '4.53.5' ],
77 silly audit   '@rollup/rollup-win32-x64-gnu': [ '4.53.5' ],
77 silly audit   '@rollup/rollup-win32-x64-msvc': [ '4.53.5' ],
77 silly audit   '@types/babel__core': [ '7.20.5' ],
77 silly audit   '@types/babel__generator': [ '7.27.0' ],
77 silly audit   '@types/babel__template': [ '7.4.4' ],
77 silly audit   '@types/babel__traverse': [ '7.28.0' ],
77 silly audit   '@types/estree': [ '1.0.8' ],
77 silly audit   '@types/json-schema': [ '7.0.15' ],
77 silly audit   '@types/node': [ '24.10.4' ],
77 silly audit   '@types/react': [ '19.2.7' ],
77 silly audit   '@types/react-dom': [ '19.2.3' ],
77 silly audit   '@typescript-eslint/eslint-plugin': [ '8.50.0' ],
77 silly audit   ignore: [ '7.0.5', '5.3.2' ],
77 silly audit   '@typescript-eslint/parser': [ '8.50.0' ],
77 silly audit   '@typescript-eslint/project-service': [ '8.50.0' ],
77 silly audit   '@typescript-eslint/scope-manager': [ '8.50.0' ],
77 silly audit   '@typescript-eslint/tsconfig-utils': [ '8.50.0' ],
77 silly audit   '@typescript-eslint/type-utils': [ '8.50.0' ],
77 silly audit   '@typescript-eslint/types': [ '8.50.0' ],
77 silly audit   '@typescript-eslint/typescript-estree': [ '8.50.0' ],
77 silly audit   'brace-expansion': [ '2.0.2', '1.1.12' ],
77 silly audit   minimatch: [ '9.0.5', '3.1.2' ],
77 silly audit   semver: [ '7.7.3', '6.3.1' ],
77 silly audit   '@typescript-eslint/utils': [ '8.50.0' ],
77 silly audit   '@typescript-eslint/visitor-keys': [ '8.50.0' ],
77 silly audit   '@vitejs/plugin-react': [ '5.1.2' ],
77 silly audit   acorn: [ '8.15.0' ],
77 silly audit   'acorn-jsx': [ '5.3.2' ],
77 silly audit   ajv: [ '6.12.6' ],
77 silly audit   'ansi-styles': [ '4.3.0' ],
77 silly audit   'any-promise': [ '1.3.0' ],
77 silly audit   anymatch: [ '3.1.3' ],
77 silly audit   picomatch: [ '2.3.1', '4.0.3' ],
77 silly audit   arg: [ '5.0.2' ],
77 silly audit   argparse: [ '2.0.1' ],
77 silly audit   asynckit: [ '0.4.0' ],
77 silly audit   autoprefixer: [ '10.4.23' ],
77 silly audit   axios: [ '1.13.2' ],
77 silly audit   'balanced-match': [ '1.0.2' ],
77 silly audit   'baseline-browser-mapping': [ '2.9.7' ],
77 silly audit   'binary-extensions': [ '2.3.0' ],
77 silly audit   braces: [ '3.0.3' ],
77 silly audit   browserslist: [ '4.28.1' ],
77 silly audit   'call-bind-apply-helpers': [ '1.0.2' ],
77 silly audit   callsites: [ '3.1.0' ],
77 silly audit   'camelcase-css': [ '2.0.1' ],
77 silly audit   'caniuse-lite': [ '1.0.30001760' ],
77 silly audit   chalk: [ '4.1.2' ],
77 silly audit   chokidar: [ '3.6.0' ],
77 silly audit   'glob-parent': [ '5.1.2', '6.0.2' ],
77 silly audit   'color-convert': [ '2.0.1' ],
77 silly audit   'color-name': [ '1.1.4' ],
77 silly audit   'combined-stream': [ '1.0.8' ],
77 silly audit   commander: [ '4.1.1' ],
77 silly audit   'concat-map': [ '0.0.1' ],
77 silly audit   'convert-source-map': [ '2.0.0' ],
77 silly audit   cookie: [ '1.1.1' ],
77 silly audit   'cross-spawn': [ '7.0.6' ],
77 silly audit   cssesc: [ '3.0.0' ],
77 silly audit   csstype: [ '3.2.3' ],
77 silly audit   debug: [ '4.4.3' ],
77 silly audit   'deep-is': [ '0.1.4' ],
77 silly audit   'delayed-stream': [ '1.0.0' ],
77 silly audit   didyoumean: [ '1.2.2' ],
77 silly audit   dlv: [ '1.1.3' ],
77 silly audit   'dunder-proto': [ '1.0.1' ],
77 silly audit   'electron-to-chromium': [ '1.5.267' ],
77 silly audit   'es-define-property': [ '1.0.1' ],
77 silly audit   'es-errors': [ '1.3.0' ],
77 silly audit   'es-object-atoms': [ '1.1.1' ],
77 silly audit   'es-set-tostringtag': [ '2.1.0' ],
77 silly audit   esbuild: [ '0.27.1' ],
77 silly audit   escalade: [ '3.2.0' ],
77 silly audit   'escape-string-regexp': [ '4.0.0' ],
77 silly audit   eslint: [ '9.39.2' ],
77 silly audit   'eslint-plugin-react-hooks': [ '7.0.1' ],
77 silly audit   'eslint-plugin-react-refresh': [ '0.4.25' ],
77 silly audit   'eslint-scope': [ '8.4.0' ],
77 silly audit   espree: [ '10.4.0' ],
77 silly audit   esquery: [ '1.6.0' ],
77 silly audit   esrecurse: [ '4.3.0' ],
77 silly audit   estraverse: [ '5.3.0' ],
77 silly audit   esutils: [ '2.0.3' ],
77 silly audit   'fast-deep-equal': [ '3.1.3' ],
77 silly audit   'fast-glob': [ '3.3.3' ],
77 silly audit   'fast-json-stable-stringify': [ '2.1.0' ],
77 silly audit   'fast-levenshtein': [ '2.0.6' ],
77 silly audit   fastq: [ '1.19.1' ],
77 silly audit   fdir: [ '6.5.0' ],
77 silly audit   'file-entry-cache': [ '8.0.0' ],
77 silly audit   'fill-range': [ '7.1.1' ],
77 silly audit   'find-up': [ '5.0.0' ],
77 silly audit   'flat-cache': [ '4.0.1' ],
77 silly audit   flatted: [ '3.3.3' ],
77 silly audit   'follow-redirects': [ '1.15.11' ],
77 silly audit   'form-data': [ '4.0.5' ],
77 silly audit   'fraction.js': [ '5.3.4' ],
77 silly audit   'framer-motion': [ '12.23.26' ],
77 silly audit   fsevents: [ '2.3.3' ],
77 silly audit   'function-bind': [ '1.1.2' ],
77 silly audit   gensync: [ '1.0.0-beta.2' ],
77 silly audit   'get-intrinsic': [ '1.3.0' ],
77 silly audit   'get-proto': [ '1.0.1' ],
77 silly audit   gopd: [ '1.2.0' ],
77 silly audit   'has-flag': [ '4.0.0' ],
77 silly audit   'has-symbols': [ '1.1.0' ],
77 silly audit   'has-tostringtag': [ '1.0.2' ],
77 silly audit   hasown: [ '2.0.2' ],
77 silly audit   'hermes-estree': [ '0.25.1' ],
77 silly audit   'hermes-parser': [ '0.25.1' ],
77 silly audit   'import-fresh': [ '3.3.1' ],
77 silly audit   imurmurhash: [ '0.1.4' ],
77 silly audit   'is-binary-path': [ '2.1.0' ],
77 silly audit   'is-core-module': [ '2.16.1' ],
77 silly audit   'is-extglob': [ '2.1.1' ],
77 silly audit   'is-glob': [ '4.0.3' ],
77 silly audit   'is-number': [ '7.0.0' ],
77 silly audit   isexe: [ '2.0.0' ],
77 silly audit   jiti: [ '1.21.7' ],
77 silly audit   'js-tokens': [ '4.0.0' ],
77 silly audit   'js-yaml': [ '4.1.1' ],
77 silly audit   jsesc: [ '3.1.0' ],
77 silly audit   'json-buffer': [ '3.0.1' ],
77 silly audit   'json-schema-traverse': [ '0.4.1' ],
77 silly audit   'json-stable-stringify-without-jsonify': [ '1.0.1' ],
77 silly audit   json5: [ '2.2.3' ],
77 silly audit   keyv: [ '4.5.4' ],
77 silly audit   levn: [ '0.4.1' ],
77 silly audit   lilconfig: [ '3.1.3' ],
77 silly audit   'lines-and-columns': [ '1.2.4' ],
77 silly audit   'locate-path': [ '6.0.0' ],
77 silly audit   'lodash.merge': [ '4.6.2' ],
77 silly audit   'lru-cache': [ '5.1.1' ],
77 silly audit   'math-intrinsics': [ '1.1.0' ],
77 silly audit   merge2: [ '1.4.1' ],
77 silly audit   micromatch: [ '4.0.8' ],
77 silly audit   'mime-db': [ '1.52.0' ],
77 silly audit   'mime-types': [ '2.1.35' ],
77 silly audit   'motion-dom': [ '12.23.23' ],
77 silly audit   'motion-utils': [ '12.23.6' ],
77 silly audit   ms: [ '2.1.3' ],
77 silly audit   mz: [ '2.7.0' ],
77 silly audit   nanoid: [ '3.3.11' ],
77 silly audit   'natural-compare': [ '1.4.0' ],
77 silly audit   'node-releases': [ '2.0.27' ],
77 silly audit   'normalize-path': [ '3.0.0' ],
77 silly audit   'object-assign': [ '4.1.1' ],
77 silly audit   'object-hash': [ '3.0.0' ],
77 silly audit   optionator: [ '0.9.4' ],
77 silly audit   'p-limit': [ '3.1.0' ],
77 silly audit   'p-locate': [ '5.0.0' ],
77 silly audit   'parent-module': [ '1.0.1' ],
77 silly audit   'path-exists': [ '4.0.0' ],
77 silly audit   'path-key': [ '3.1.1' ],
77 silly audit   'path-parse': [ '1.0.7' ],
77 silly audit   picocolors: [ '1.1.1' ],
77 silly audit   pify: [ '2.3.0' ],
77 silly audit   pirates: [ '4.0.7' ],
77 silly audit   postcss: [ '8.5.6' ],
77 silly audit   'postcss-import': [ '15.1.0' ],
77 silly audit   'postcss-js': [ '4.1.0' ],
77 silly audit   'postcss-load-config': [ '4.0.2' ],
77 silly audit   'postcss-nested': [ '6.2.0' ],
77 silly audit   'postcss-selector-parser': [ '6.1.2' ],
77 silly audit   'postcss-value-parser': [ '4.2.0' ],
77 silly audit   'prelude-ls': [ '1.2.1' ],
77 silly audit   'proxy-from-env': [ '1.1.0' ],
77 silly audit   punycode: [ '2.3.1' ],
77 silly audit   'queue-microtask': [ '1.2.3' ],
77 silly audit   react: [ '19.2.3' ],
77 silly audit   'react-dom': [ '19.2.3' ],
77 silly audit   'react-icons': [ '5.5.0' ],
77 silly audit   'react-refresh': [ '0.18.0' ],
77 silly audit   'react-router': [ '7.10.1' ],
77 silly audit   'react-router-dom': [ '7.10.1' ],
77 silly audit   'read-cache': [ '1.0.0' ],
77 silly audit   readdirp: [ '3.6.0' ],
77 silly audit   resolve: [ '1.22.11' ],
77 silly audit   'resolve-from': [ '4.0.0' ],
77 silly audit   reusify: [ '1.1.0' ],
77 silly audit   rollup: [ '4.53.5' ],
77 silly audit   'run-parallel': [ '1.2.0' ],
77 silly audit   scheduler: [ '0.27.0' ],
77 silly audit   'set-cookie-parser': [ '2.7.2' ],
77 silly audit   'shebang-command': [ '2.0.0' ],
77 silly audit   'shebang-regex': [ '3.0.0' ],
77 silly audit   'source-map-js': [ '1.2.1' ],
77 silly audit   'strip-json-comments': [ '3.1.1' ],
77 silly audit   sucrase: [ '3.35.1' ],
77 silly audit   'supports-color': [ '7.2.0' ],
77 silly audit   'supports-preserve-symlinks-flag': [ '1.0.0' ],
77 silly audit   swiper: [ '12.0.3' ],
77 silly audit   'tailwind-scrollbar-hide': [ '4.0.0' ],
77 silly audit   tailwindcss: [ '3.4.17' ],
77 silly audit   thenify: [ '3.3.1' ],
77 silly audit   'thenify-all': [ '1.6.0' ],
77 silly audit   tinyglobby: [ '0.2.15' ],
77 silly audit   'to-regex-range': [ '5.0.1' ],
77 silly audit   'ts-api-utils': [ '2.1.0' ],
77 silly audit   'ts-interface-checker': [ '0.1.13' ],
77 silly audit   tslib: [ '2.8.1' ],
77 silly audit   'type-check': [ '0.4.0' ],
77 silly audit   typescript: [ '5.9.3' ],
77 silly audit   'typescript-eslint': [ '8.50.0' ],
77 silly audit   'undici-types': [ '7.16.0' ],
77 silly audit   'update-browserslist-db': [ '1.2.2' ],
77 silly audit   'uri-js': [ '4.4.1' ],
77 silly audit   'util-deprecate': [ '1.0.2' ],
77 silly audit   vite: [ '7.3.0' ],
77 silly audit   which: [ '2.0.2' ],
77 silly audit   'word-wrap': [ '1.2.5' ],
77 silly audit   yallist: [ '3.1.1' ],
77 silly audit   yaml: [ '2.8.2' ],
77 silly audit   'yocto-queue': [ '0.1.0' ],
77 silly audit   'zod-validation-error': [ '4.0.2' ],
77 silly audit   '@tanstack/react-query': [ '5.90.16' ],
77 silly audit   'class-variance-authority': [ '0.7.1' ],
77 silly audit   clsx: [ '2.1.1' ],
77 silly audit   'react-hook-form': [ '7.70.0' ],
77 silly audit   'tailwind-merge': [ '3.4.0' ],
77 silly audit   zod: [ '4.3.5' ],
77 silly audit   zustand: [ '5.0.9' ],
77 silly audit   '@tanstack/query-core': [ '5.90.16' ]
77 silly audit }
78 http cache react-hook-form@https://registry.npmjs.org/react-hook-form/-/react-hook-form-7.70.0.tgz 0ms (cache hit)
79 http cache clsx@https://registry.npmjs.org/clsx/-/clsx-2.1.1.tgz 0ms (cache hit)
80 http cache zustand@https://registry.npmjs.org/zustand/-/zustand-5.0.9.tgz 0ms (cache hit)
81 http cache class-variance-authority@https://registry.npmjs.org/class-variance-authority/-/class-variance-authority-0.7.1.tgz 0ms (cache hit)
82 http cache @tanstack/react-query@https://registry.npmjs.org/@tanstack/react-query/-/react-query-5.90.16.tgz 0ms (cache hit)
83 http cache tailwind-merge@https://registry.npmjs.org/tailwind-merge/-/tailwind-merge-3.4.0.tgz 0ms (cache hit)
84 http cache @tanstack/query-core@https://registry.npmjs.org/@tanstack/query-core/-/query-core-5.90.16.tgz 0ms (cache hit)
85 silly tarball no local data for react-hook-form@https://registry.npmjs.org/react-hook-form/-/react-hook-form-7.70.0.tgz. Extracting by manifest.
86 silly tarball no local data for clsx@https://registry.npmjs.org/clsx/-/clsx-2.1.1.tgz. Extracting by manifest.
87 silly tarball no local data for zustand@https://registry.npmjs.org/zustand/-/zustand-5.0.9.tgz. Extracting by manifest.
88 silly tarball no local data for class-variance-authority@https://registry.npmjs.org/class-variance-authority/-/class-variance-authority-0.7.1.tgz. Extracting by manifest.
89 silly tarball no local data for @tanstack/react-query@https://registry.npmjs.org/@tanstack/react-query/-/react-query-5.90.16.tgz. Extracting by manifest.
90 silly tarball no local data for tailwind-merge@https://registry.npmjs.org/tailwind-merge/-/tailwind-merge-3.4.0.tgz. Extracting by manifest.
91 silly tarball no local data for @tanstack/query-core@https://registry.npmjs.org/@tanstack/query-core/-/query-core-5.90.16.tgz. Extracting by manifest.
92 http cache zod@https://registry.npmjs.org/zod/-/zod-4.3.5.tgz 0ms (cache hit)
93 silly tarball no local data for zod@https://registry.npmjs.org/zod/-/zod-4.3.5.tgz. Extracting by manifest.
94 http fetch GET 200 https://registry.npmjs.org/clsx/-/clsx-2.1.1.tgz 89ms (cache miss)
95 http fetch GET 200 https://registry.npmjs.org/class-variance-authority/-/class-variance-authority-0.7.1.tgz 154ms (cache miss)
96 http fetch GET 200 https://registry.npmjs.org/zustand/-/zustand-5.0.9.tgz 161ms (cache miss)
97 http fetch GET 200 https://registry.npmjs.org/tailwind-merge/-/tailwind-merge-3.4.0.tgz 169ms (cache miss)
98 http fetch POST 200 https://registry.npmjs.org/-/npm/v1/security/advisories/bulk 211ms
99 silly audit report {
99 silly audit report   'react-router': [
99 silly audit report     {
99 silly audit report       id: 1111964,
99 silly audit report       url: 'https://github.com/advisories/GHSA-h5cw-625j-3rxh',
99 silly audit report       title: 'React Router has CSRF issue in Action/Server Action Request Processing',
99 silly audit report       severity: 'moderate',
99 silly audit report       vulnerable_versions: '>=7.0.0 <=7.11.0',
99 silly audit report       cwe: [Array],
99 silly audit report       cvss: [Object]
99 silly audit report     },
99 silly audit report     {
99 silly audit report       id: 1111966,
99 silly audit report       url: 'https://github.com/advisories/GHSA-2w69-qvjg-hvjx',
99 silly audit report       title: 'React Router vulnerable to XSS via Open Redirects',
99 silly audit report       severity: 'high',
99 silly audit report       vulnerable_versions: '>=7.0.0 <=7.11.0',
99 silly audit report       cwe: [Array],
99 silly audit report       cvss: [Object]
99 silly audit report     },
99 silly audit report     {
99 silly audit report       id: 1111979,
99 silly audit report       url: 'https://github.com/advisories/GHSA-8v8x-cx79-35w7',
99 silly audit report       title: 'React Router SSR XSS in ScrollRestoration',
99 silly audit report       severity: 'high',
99 silly audit report       vulnerable_versions: '>=7.0.0 <7.12.0',
99 silly audit report       cwe: [Array],
99 silly audit report       cvss: [Object]
99 silly audit report     }
99 silly audit report   ]
99 silly audit report }
100 silly packumentCache corgi:https://registry.npmjs.org/react-router cache-miss
101 http fetch GET 200 https://registry.npmjs.org/react-router 92ms (cache miss)
102 silly packumentCache corgi:https://registry.npmjs.org/react-router set size:undefined disposed:false
103 silly packumentCache corgi:https://registry.npmjs.org/react-router-dom cache-miss
104 http fetch GET 200 https://registry.npmjs.org/@tanstack/react-query/-/react-query-5.90.16.tgz 466ms (cache miss)
105 http fetch GET 200 https://registry.npmjs.org/@tanstack/query-core/-/query-core-5.90.16.tgz 468ms (cache miss)
106 http fetch GET 200 https://registry.npmjs.org/react-router-dom 137ms (cache miss)
107 silly packumentCache corgi:https://registry.npmjs.org/react-router-dom set size:undefined disposed:false
108 http fetch GET 200 https://registry.npmjs.org/react-hook-form/-/react-hook-form-7.70.0.tgz 13160ms (cache miss)
109 http fetch GET 200 https://registry.npmjs.org/zod/-/zod-4.3.5.tgz 13297ms (cache miss)
110 silly ADD node_modules/@tanstack/query-core
111 silly ADD node_modules/zustand
112 silly ADD node_modules/tailwind-merge
113 silly ADD node_modules/react-hook-form
114 silly ADD node_modules/clsx
115 silly ADD node_modules/class-variance-authority
116 silly ADD node_modules/@tanstack/react-query
117 silly CHANGE node_modules/zod
118 verbose cwd /Users/junjeong/Documents/문서 - 주녕의 MacBook Pro/coding/project/sikggu_FE
119 verbose os Darwin 25.2.0
120 verbose node v25.2.1
121 verbose npm  v11.6.2
122 verbose exit 0
123 info ok
