0 verbose cli /opt/homebrew/Cellar/node/25.2.1/bin/node /opt/homebrew/bin/npm
1 info using npm@11.6.2
2 info using node@v25.2.1
3 silly config load:file:/opt/homebrew/lib/node_modules/npm/npmrc
4 silly config load:file:/Users/junjeong/Documents/문서 - 주녕의 MacBook Pro/coding/project/sikggu_FE/.npmrc
5 silly config load:file:/Users/junjeong/.npmrc
6 silly config load:file:/opt/homebrew/etc/npmrc
7 verbose title npm install vitest @testing-library/react jsdom @testing-library/dom @testing-library/user-event
8 verbose argv "install" "--save-dev" "vitest" "@testing-library/react" "jsdom" "@testing-library/dom" "@testing-library/user-event"
9 verbose logfile logs-max:10 dir:/Users/junjeong/Documents/문서 - 주녕의 MacBook Pro/coding/project/sikggu_FE/.npm-cache/_logs/2026-01-09T06_01_03_231Z-
10 verbose logfile /Users/junjeong/Documents/문서 - 주녕의 MacBook Pro/coding/project/sikggu_FE/.npm-cache/_logs/2026-01-09T06_01_03_231Z-debug-0.log
11 silly logfile done cleaning log files
12 silly packumentCache heap:4496293888 maxSize:1124073472 maxEntrySize:562036736
13 silly idealTree buildDeps
14 silly fetch manifest vitest@*
15 silly packumentCache full:https://registry.npmjs.org/vitest cache-miss
16 http fetch GET 200 https://registry.npmjs.org/vitest 207ms (cache miss)
17 silly packumentCache full:https://registry.npmjs.org/vitest set size:undefined disposed:false
18 silly fetch manifest @edge-runtime/vm@*
19 silly packumentCache full:https://registry.npmjs.org/@edge-runtime%2fvm cache-miss
20 http fetch GET 200 https://registry.npmjs.org/@edge-runtime%2fvm 138ms (cache miss)
21 silly packumentCache full:https://registry.npmjs.org/@edge-runtime%2fvm set size:undefined disposed:false
22 silly fetch manifest @opentelemetry/api@^1.9.0
23 silly packumentCache full:https://registry.npmjs.org/@opentelemetry%2fapi cache-miss
24 http fetch GET 200 https://registry.npmjs.org/@opentelemetry%2fapi 59ms (cache revalidated)
25 silly packumentCache full:https://registry.npmjs.org/@opentelemetry%2fapi set size:455567 disposed:false
26 silly fetch manifest @types/node@^24.10.1
27 silly packumentCache full:https://registry.npmjs.org/@types%2fnode cache-miss
28 http fetch GET 200 https://registry.npmjs.org/@types%2fnode 75ms (cache revalidated)
29 silly packumentCache full:https://registry.npmjs.org/@types%2fnode set size:10733106 disposed:false
30 silly fetch manifest @vitest/browser-playwright@4.0.16
31 silly packumentCache full:https://registry.npmjs.org/@vitest%2fbrowser-playwright cache-miss
32 http fetch GET 200 https://registry.npmjs.org/@vitest%2fbrowser-playwright 340ms (cache miss)
33 silly packumentCache full:https://registry.npmjs.org/@vitest%2fbrowser-playwright set size:undefined disposed:false
34 silly fetch manifest playwright@*
35 silly packumentCache full:https://registry.npmjs.org/playwright cache-miss
36 http fetch GET 200 https://registry.npmjs.org/playwright 387ms (cache miss)
37 silly packumentCache full:https://registry.npmjs.org/playwright set size:undefined disposed:false
38 silly fetch manifest @vitest/browser-preview@4.0.16
39 silly packumentCache full:https://registry.npmjs.org/@vitest%2fbrowser-preview cache-miss
40 http fetch GET 200 https://registry.npmjs.org/@vitest%2fbrowser-preview 229ms (cache miss)
41 silly packumentCache full:https://registry.npmjs.org/@vitest%2fbrowser-preview set size:undefined disposed:false
42 silly fetch manifest @vitest/browser-webdriverio@4.0.16
43 silly packumentCache full:https://registry.npmjs.org/@vitest%2fbrowser-webdriverio cache-miss
44 http fetch GET 200 https://registry.npmjs.org/@vitest%2fbrowser-webdriverio 464ms (cache miss)
45 silly packumentCache full:https://registry.npmjs.org/@vitest%2fbrowser-webdriverio set size:undefined disposed:false
46 silly fetch manifest webdriverio@*
47 silly packumentCache full:https://registry.npmjs.org/webdriverio cache-miss
48 http fetch GET 200 https://registry.npmjs.org/webdriverio 102ms (cache miss)
49 silly packumentCache full:https://registry.npmjs.org/webdriverio set size:undefined disposed:false
50 silly fetch manifest puppeteer-core@>=22.x || <=24.x
51 silly packumentCache full:https://registry.npmjs.org/puppeteer-core cache-miss
52 http fetch GET 200 https://registry.npmjs.org/puppeteer-core 60ms (cache miss)
53 silly packumentCache full:https://registry.npmjs.org/puppeteer-core set size:undefined disposed:false
54 silly fetch manifest @vitest/ui@4.0.16
55 silly packumentCache full:https://registry.npmjs.org/@vitest%2fui cache-miss
56 http fetch GET 200 https://registry.npmjs.org/@vitest%2fui 345ms (cache miss)
57 silly packumentCache full:https://registry.npmjs.org/@vitest%2fui set size:undefined disposed:false
58 silly fetch manifest happy-dom@*
59 silly packumentCache full:https://registry.npmjs.org/happy-dom cache-miss
60 http fetch GET 200 https://registry.npmjs.org/happy-dom 79ms (cache miss)
61 silly packumentCache full:https://registry.npmjs.org/happy-dom set size:undefined disposed:false
62 silly fetch manifest jsdom@*
63 silly packumentCache full:https://registry.npmjs.org/jsdom cache-miss
64 http fetch GET 200 https://registry.npmjs.org/jsdom 43ms (cache miss)
65 silly packumentCache full:https://registry.npmjs.org/jsdom set size:undefined disposed:false
66 silly fetch manifest canvas@^3.0.0
67 silly packumentCache full:https://registry.npmjs.org/canvas cache-miss
68 http fetch GET 200 https://registry.npmjs.org/canvas 34ms (cache miss)
69 silly packumentCache full:https://registry.npmjs.org/canvas set size:undefined disposed:false
70 silly fetch manifest @testing-library/react@*
71 silly packumentCache full:https://registry.npmjs.org/@testing-library%2freact cache-miss
72 http fetch GET 200 https://registry.npmjs.org/@testing-library%2freact 60ms (cache miss)
73 silly packumentCache full:https://registry.npmjs.org/@testing-library%2freact set size:undefined disposed:false
74 silly fetch manifest @testing-library/dom@*
75 silly packumentCache full:https://registry.npmjs.org/@testing-library%2fdom cache-miss
76 http fetch GET 200 https://registry.npmjs.org/@testing-library%2fdom 130ms (cache miss)
77 silly packumentCache full:https://registry.npmjs.org/@testing-library%2fdom set size:undefined disposed:false
78 silly fetch manifest @types/react@^19.2.5
79 silly packumentCache full:https://registry.npmjs.org/@types%2freact cache-miss
80 http cache https://registry.npmjs.org/@types%2freact 24ms (cache hit)
81 silly packumentCache full:https://registry.npmjs.org/@types%2freact set size:2541992 disposed:false
82 silly fetch manifest @types/react-dom@^19.2.3
83 silly packumentCache full:https://registry.npmjs.org/@types%2freact-dom cache-miss
84 http fetch GET 200 https://registry.npmjs.org/@types%2freact-dom 54ms (cache miss)
85 silly packumentCache full:https://registry.npmjs.org/@types%2freact-dom set size:undefined disposed:false
86 silly fetch manifest react@^19.2.0
87 silly packumentCache full:https://registry.npmjs.org/react cache-miss
88 http cache https://registry.npmjs.org/react 12ms (cache hit)
89 silly packumentCache full:https://registry.npmjs.org/react set size:6366570 disposed:false
90 silly fetch manifest react-dom@^19.2.0
91 silly packumentCache full:https://registry.npmjs.org/react-dom cache-miss
92 http fetch GET 200 https://registry.npmjs.org/react-dom 404ms (cache miss)
93 silly packumentCache full:https://registry.npmjs.org/react-dom set size:undefined disposed:false
94 silly fetch manifest @testing-library/user-event@*
95 silly packumentCache full:https://registry.npmjs.org/@testing-library%2fuser-event cache-miss
96 http fetch GET 200 https://registry.npmjs.org/@testing-library%2fuser-event 65ms (cache miss)
97 silly packumentCache full:https://registry.npmjs.org/@testing-library%2fuser-event set size:undefined disposed:false
98 silly placeDep ROOT @testing-library/dom@10.4.1 OK for: sikggu@0.0.0 want: *
99 silly placeDep ROOT @testing-library/react@16.3.1 OK for: sikggu@0.0.0 want: *
100 silly placeDep ROOT @testing-library/user-event@14.6.1 OK for: sikggu@0.0.0 want: *
101 silly placeDep ROOT jsdom@27.4.0 OK for: sikggu@0.0.0 want: *
102 silly placeDep ROOT vitest@4.0.16 OK for: sikggu@0.0.0 want: *
103 silly fetch manifest lz-string@^1.5.0
104 silly packumentCache full:https://registry.npmjs.org/lz-string cache-miss
105 silly fetch manifest aria-query@5.3.0
106 silly packumentCache full:https://registry.npmjs.org/aria-query cache-miss
107 silly fetch manifest pretty-format@^27.0.2
108 silly packumentCache full:https://registry.npmjs.org/pretty-format cache-miss
109 silly fetch manifest @babel/runtime@^7.12.5
110 silly packumentCache full:https://registry.npmjs.org/@babel%2fruntime cache-miss
111 silly fetch manifest @types/aria-query@^5.0.1
112 silly packumentCache full:https://registry.npmjs.org/@types%2faria-query cache-miss
113 silly fetch manifest dom-accessibility-api@^0.5.9
114 silly packumentCache full:https://registry.npmjs.org/dom-accessibility-api cache-miss
115 silly fetch manifest @babel/runtime@^7.12.5
116 silly packumentCache full:https://registry.npmjs.org/@babel%2fruntime cache-miss
117 silly fetch manifest @acemir/cssom@^0.9.28
118 silly packumentCache full:https://registry.npmjs.org/@acemir%2fcssom cache-miss
119 silly fetch manifest @asamuzakjp/dom-selector@^6.7.6
120 silly packumentCache full:https://registry.npmjs.org/@asamuzakjp%2fdom-selector cache-miss
121 http fetch GET 200 https://registry.npmjs.org/lz-string 35ms (cache miss)
122 silly packumentCache full:https://registry.npmjs.org/lz-string set size:undefined disposed:false
123 silly fetch manifest @exodus/bytes@^1.6.0
124 silly packumentCache full:https://registry.npmjs.org/@exodus%2fbytes cache-miss
125 http fetch GET 200 https://registry.npmjs.org/pretty-format 69ms (cache miss)
126 silly packumentCache full:https://registry.npmjs.org/pretty-format set size:undefined disposed:false
127 silly fetch manifest cssstyle@^5.3.4
128 silly packumentCache full:https://registry.npmjs.org/cssstyle cache-miss
129 http fetch GET 200 https://registry.npmjs.org/@types%2faria-query 75ms (cache miss)
130 silly packumentCache full:https://registry.npmjs.org/@types%2faria-query set size:undefined disposed:false
131 silly fetch manifest data-urls@^6.0.0
132 silly packumentCache full:https://registry.npmjs.org/data-urls cache-miss
133 http fetch GET 200 https://registry.npmjs.org/aria-query 79ms (cache miss)
134 silly packumentCache full:https://registry.npmjs.org/aria-query set size:undefined disposed:false
135 silly fetch manifest decimal.js@^10.6.0
136 silly packumentCache full:https://registry.npmjs.org/decimal.js cache-miss
137 http fetch GET 200 https://registry.npmjs.org/dom-accessibility-api 82ms (cache miss)
138 silly packumentCache full:https://registry.npmjs.org/dom-accessibility-api set size:undefined disposed:false
139 silly fetch manifest html-encoding-sniffer@^6.0.0
140 silly packumentCache full:https://registry.npmjs.org/html-encoding-sniffer cache-miss
141 http fetch GET 200 https://registry.npmjs.org/@exodus%2fbytes 52ms (cache miss)
142 silly packumentCache full:https://registry.npmjs.org/@exodus%2fbytes set size:undefined disposed:false
143 silly fetch manifest http-proxy-agent@^7.0.2
144 silly packumentCache full:https://registry.npmjs.org/http-proxy-agent cache-miss
145 http fetch GET 200 https://registry.npmjs.org/@asamuzakjp%2fdom-selector 98ms (cache miss)
146 silly packumentCache full:https://registry.npmjs.org/@asamuzakjp%2fdom-selector set size:undefined disposed:false
147 silly fetch manifest https-proxy-agent@^7.0.6
148 silly packumentCache full:https://registry.npmjs.org/https-proxy-agent cache-miss
149 http fetch GET 200 https://registry.npmjs.org/@acemir%2fcssom 105ms (cache miss)
150 silly packumentCache full:https://registry.npmjs.org/@acemir%2fcssom set size:undefined disposed:false
151 silly fetch manifest is-potential-custom-element-name@^1.0.1
152 silly packumentCache full:https://registry.npmjs.org/is-potential-custom-element-name cache-miss
153 http fetch GET 200 https://registry.npmjs.org/html-encoding-sniffer 28ms (cache miss)
154 silly packumentCache full:https://registry.npmjs.org/html-encoding-sniffer set size:undefined disposed:false
155 silly fetch manifest parse5@^8.0.0
156 silly packumentCache full:https://registry.npmjs.org/parse5 cache-miss
157 http fetch GET 200 https://registry.npmjs.org/decimal.js 41ms (cache miss)
158 silly packumentCache full:https://registry.npmjs.org/decimal.js set size:undefined disposed:false
159 silly fetch manifest saxes@^6.0.0
160 silly packumentCache full:https://registry.npmjs.org/saxes cache-miss
161 http fetch GET 200 https://registry.npmjs.org/cssstyle 51ms (cache miss)
162 silly packumentCache full:https://registry.npmjs.org/cssstyle set size:undefined disposed:false
163 silly fetch manifest symbol-tree@^3.2.4
164 silly packumentCache full:https://registry.npmjs.org/symbol-tree cache-miss
165 http fetch GET 200 https://registry.npmjs.org/http-proxy-agent 39ms (cache revalidated)
166 silly packumentCache full:https://registry.npmjs.org/http-proxy-agent set size:50096 disposed:false
167 silly fetch manifest tough-cookie@^6.0.0
168 silly packumentCache full:https://registry.npmjs.org/tough-cookie cache-miss
169 http fetch GET 200 https://registry.npmjs.org/is-potential-custom-element-name 27ms (cache miss)
170 silly packumentCache full:https://registry.npmjs.org/is-potential-custom-element-name set size:undefined disposed:false
171 silly fetch manifest w3c-xmlserializer@^5.0.0
172 silly packumentCache full:https://registry.npmjs.org/w3c-xmlserializer cache-miss
173 http fetch GET 200 https://registry.npmjs.org/data-urls 60ms (cache miss)
174 silly packumentCache full:https://registry.npmjs.org/data-urls set size:undefined disposed:false
175 silly fetch manifest webidl-conversions@^8.0.0
176 silly packumentCache full:https://registry.npmjs.org/webidl-conversions cache-miss
177 http fetch GET 200 https://registry.npmjs.org/parse5 32ms (cache miss)
178 silly packumentCache full:https://registry.npmjs.org/parse5 set size:undefined disposed:false
179 silly fetch manifest whatwg-mimetype@^4.0.0
180 silly packumentCache full:https://registry.npmjs.org/whatwg-mimetype cache-miss
181 http fetch GET 200 https://registry.npmjs.org/@babel%2fruntime 148ms (cache miss)
182 silly packumentCache full:https://registry.npmjs.org/@babel%2fruntime set size:undefined disposed:false
183 silly fetch manifest whatwg-url@^15.1.0
184 silly packumentCache full:https://registry.npmjs.org/whatwg-url cache-miss
185 http fetch GET 200 https://registry.npmjs.org/https-proxy-agent 63ms (cache revalidated)
186 silly packumentCache full:https://registry.npmjs.org/https-proxy-agent set size:76241 disposed:false
187 silly fetch manifest ws@^8.18.3
188 silly packumentCache full:https://registry.npmjs.org/ws cache-miss
189 http fetch GET 200 https://registry.npmjs.org/symbol-tree 43ms (cache miss)
190 silly packumentCache full:https://registry.npmjs.org/symbol-tree set size:undefined disposed:false
191 silly fetch manifest xml-name-validator@^5.0.0
192 silly packumentCache full:https://registry.npmjs.org/xml-name-validator cache-miss
193 http fetch GET 200 https://registry.npmjs.org/tough-cookie 44ms (cache miss)
194 silly packumentCache full:https://registry.npmjs.org/tough-cookie set size:undefined disposed:false
195 silly fetch manifest es-module-lexer@^1.7.0
196 silly packumentCache full:https://registry.npmjs.org/es-module-lexer cache-miss
197 http fetch GET 200 https://registry.npmjs.org/@babel%2fruntime 177ms (cache miss)
198 silly packumentCache full:https://registry.npmjs.org/@babel%2fruntime set size:undefined disposed:false
199 silly fetch manifest expect-type@^1.2.2
200 silly packumentCache full:https://registry.npmjs.org/expect-type cache-miss
201 http fetch GET 200 https://registry.npmjs.org/webidl-conversions 60ms (cache revalidated)
202 silly packumentCache full:https://registry.npmjs.org/webidl-conversions set size:46073 disposed:false
203 silly fetch manifest magic-string@^0.30.21
204 silly packumentCache full:https://registry.npmjs.org/magic-string cache-miss
205 http fetch GET 200 https://registry.npmjs.org/whatwg-url 38ms (cache revalidated)
206 silly packumentCache full:https://registry.npmjs.org/whatwg-url set size:165406 disposed:false
207 silly fetch manifest obug@^2.1.1
208 silly packumentCache full:https://registry.npmjs.org/obug cache-miss
209 http fetch GET 200 https://registry.npmjs.org/ws 35ms (cache revalidated)
210 silly packumentCache full:https://registry.npmjs.org/ws set size:413307 disposed:false
211 silly fetch manifest pathe@^2.0.3
212 silly packumentCache full:https://registry.npmjs.org/pathe cache-miss
213 http fetch GET 200 https://registry.npmjs.org/whatwg-mimetype 62ms (cache miss)
214 silly packumentCache full:https://registry.npmjs.org/whatwg-mimetype set size:undefined disposed:false
215 silly fetch manifest std-env@^3.10.0
216 silly packumentCache full:https://registry.npmjs.org/std-env cache-miss
217 http fetch GET 200 https://registry.npmjs.org/xml-name-validator 41ms (cache miss)
218 silly packumentCache full:https://registry.npmjs.org/xml-name-validator set size:undefined disposed:false
219 silly fetch manifest tinybench@^2.9.0
220 silly packumentCache full:https://registry.npmjs.org/tinybench cache-miss
221 http fetch GET 200 https://registry.npmjs.org/es-module-lexer 37ms (cache miss)
222 silly packumentCache full:https://registry.npmjs.org/es-module-lexer set size:undefined disposed:false
223 silly fetch manifest tinyexec@^1.0.2
224 silly packumentCache full:https://registry.npmjs.org/tinyexec cache-miss
225 http fetch GET 200 https://registry.npmjs.org/w3c-xmlserializer 88ms (cache miss)
226 silly packumentCache full:https://registry.npmjs.org/w3c-xmlserializer set size:undefined disposed:false
227 silly fetch manifest tinyrainbow@^3.0.3
228 silly packumentCache full:https://registry.npmjs.org/tinyrainbow cache-miss
229 http fetch GET 200 https://registry.npmjs.org/expect-type 35ms (cache miss)
230 silly packumentCache full:https://registry.npmjs.org/expect-type set size:undefined disposed:false
231 silly fetch manifest why-is-node-running@^2.3.0
232 silly packumentCache full:https://registry.npmjs.org/why-is-node-running cache-miss
233 http fetch GET 200 https://registry.npmjs.org/saxes 106ms (cache miss)
234 silly packumentCache full:https://registry.npmjs.org/saxes set size:undefined disposed:false
235 silly fetch manifest @vitest/expect@4.0.16
236 silly packumentCache full:https://registry.npmjs.org/@vitest%2fexpect cache-miss
237 http fetch GET 200 https://registry.npmjs.org/magic-string 46ms (cache miss)
238 silly packumentCache full:https://registry.npmjs.org/magic-string set size:undefined disposed:false
239 silly fetch manifest @vitest/mocker@4.0.16
240 silly packumentCache full:https://registry.npmjs.org/@vitest%2fmocker cache-miss
241 http fetch GET 200 https://registry.npmjs.org/std-env 36ms (cache miss)
242 silly packumentCache full:https://registry.npmjs.org/std-env set size:undefined disposed:false
243 silly fetch manifest @vitest/runner@4.0.16
244 silly packumentCache full:https://registry.npmjs.org/@vitest%2frunner cache-miss
245 http fetch GET 200 https://registry.npmjs.org/obug 47ms (cache miss)
246 silly packumentCache full:https://registry.npmjs.org/obug set size:undefined disposed:false
247 silly fetch manifest @vitest/pretty-format@4.0.16
248 silly packumentCache full:https://registry.npmjs.org/@vitest%2fpretty-format cache-miss
249 http fetch GET 200 https://registry.npmjs.org/tinyexec 35ms (cache miss)
250 silly packumentCache full:https://registry.npmjs.org/tinyexec set size:undefined disposed:false
251 silly fetch manifest @vitest/snapshot@4.0.16
252 silly packumentCache full:https://registry.npmjs.org/@vitest%2fsnapshot cache-miss
253 http fetch GET 200 https://registry.npmjs.org/pathe 45ms (cache miss)
254 silly packumentCache full:https://registry.npmjs.org/pathe set size:undefined disposed:false
255 silly fetch manifest @vitest/spy@4.0.16
256 silly packumentCache full:https://registry.npmjs.org/@vitest%2fspy cache-miss
257 http fetch GET 200 https://registry.npmjs.org/tinyrainbow 30ms (cache miss)
258 silly packumentCache full:https://registry.npmjs.org/tinyrainbow set size:undefined disposed:false
259 silly fetch manifest @vitest/utils@4.0.16
260 silly packumentCache full:https://registry.npmjs.org/@vitest%2futils cache-miss
261 http fetch GET 200 https://registry.npmjs.org/tinybench 45ms (cache miss)
262 silly packumentCache full:https://registry.npmjs.org/tinybench set size:undefined disposed:false
263 http fetch GET 200 https://registry.npmjs.org/why-is-node-running 35ms (cache miss)
264 silly packumentCache full:https://registry.npmjs.org/why-is-node-running set size:undefined disposed:false
265 http fetch GET 200 https://registry.npmjs.org/@vitest%2fexpect 147ms (cache miss)
266 silly packumentCache full:https://registry.npmjs.org/@vitest%2fexpect set size:undefined disposed:false
267 http fetch GET 200 https://registry.npmjs.org/@vitest%2fmocker 138ms (cache miss)
268 silly packumentCache full:https://registry.npmjs.org/@vitest%2fmocker set size:undefined disposed:false
269 http fetch GET 200 https://registry.npmjs.org/@vitest%2fpretty-format 134ms (cache miss)
270 silly packumentCache full:https://registry.npmjs.org/@vitest%2fpretty-format set size:undefined disposed:false
271 http fetch GET 200 https://registry.npmjs.org/@vitest%2fsnapshot 135ms (cache miss)
272 silly packumentCache full:https://registry.npmjs.org/@vitest%2fsnapshot set size:undefined disposed:false
273 http fetch GET 200 https://registry.npmjs.org/@vitest%2fspy 136ms (cache miss)
274 silly packumentCache full:https://registry.npmjs.org/@vitest%2fspy set size:undefined disposed:false
275 http fetch GET 200 https://registry.npmjs.org/@vitest%2frunner 147ms (cache miss)
276 silly packumentCache full:https://registry.npmjs.org/@vitest%2frunner set size:undefined disposed:false
277 http fetch GET 200 https://registry.npmjs.org/@vitest%2futils 141ms (cache miss)
278 silly packumentCache full:https://registry.npmjs.org/@vitest%2futils set size:undefined disposed:false
279 silly placeDep ROOT @babel/runtime@7.28.4 OK for: @testing-library/dom@10.4.1 want: ^7.12.5
280 silly placeDep ROOT @types/aria-query@5.0.4 OK for: @testing-library/dom@10.4.1 want: ^5.0.1
281 silly placeDep ROOT aria-query@5.3.0 OK for: @testing-library/dom@10.4.1 want: 5.3.0
282 silly placeDep ROOT dom-accessibility-api@0.5.16 OK for: @testing-library/dom@10.4.1 want: ^0.5.9
283 silly placeDep ROOT lz-string@1.5.0 OK for: @testing-library/dom@10.4.1 want: ^1.5.0
284 silly placeDep ROOT pretty-format@27.5.1 OK for: @testing-library/dom@10.4.1 want: ^27.0.2
285 silly fetch manifest dequal@^2.0.3
286 silly packumentCache full:https://registry.npmjs.org/dequal cache-miss
287 silly fetch manifest react-is@^17.0.1
288 silly packumentCache full:https://registry.npmjs.org/react-is cache-miss
289 silly fetch manifest ansi-regex@^5.0.1
290 silly packumentCache full:https://registry.npmjs.org/ansi-regex cache-miss
291 silly fetch manifest ansi-styles@^5.0.0
292 silly packumentCache full:https://registry.npmjs.org/ansi-styles cache-miss
293 http fetch GET 200 https://registry.npmjs.org/dequal 28ms (cache revalidated)
294 silly packumentCache full:https://registry.npmjs.org/dequal set size:24037 disposed:false
295 http fetch GET 200 https://registry.npmjs.org/ansi-styles 30ms (cache revalidated)
296 silly packumentCache full:https://registry.npmjs.org/ansi-styles set size:63233 disposed:false
297 http fetch GET 200 https://registry.npmjs.org/react-is 38ms (cache revalidated)
298 silly packumentCache full:https://registry.npmjs.org/react-is set size:5159505 disposed:false
299 http fetch GET 200 https://registry.npmjs.org/ansi-regex 79ms (cache revalidated)
300 silly packumentCache full:https://registry.npmjs.org/ansi-regex set size:43572 disposed:false
301 silly placeDep ROOT dequal@2.0.3 OK for: aria-query@5.3.0 want: ^2.0.3
302 silly fetch manifest @exodus/crypto@^1.0.0-rc.4
303 silly packumentCache full:https://registry.npmjs.org/@exodus%2fcrypto cache-miss
304 http fetch GET 200 https://registry.npmjs.org/@exodus%2fcrypto 299ms (cache miss)
305 silly packumentCache full:https://registry.npmjs.org/@exodus%2fcrypto set size:undefined disposed:false
306 silly fetch manifest bufferutil@^4.0.1
307 silly packumentCache full:https://registry.npmjs.org/bufferutil cache-miss
308 http fetch GET 200 https://registry.npmjs.org/bufferutil 103ms (cache revalidated)
309 silly packumentCache full:https://registry.npmjs.org/bufferutil set size:52763 disposed:false
310 silly fetch manifest utf-8-validate@>=5.0.2
311 silly packumentCache full:https://registry.npmjs.org/utf-8-validate cache-miss
312 http fetch GET 200 https://registry.npmjs.org/utf-8-validate 40ms (cache revalidated)
313 silly packumentCache full:https://registry.npmjs.org/utf-8-validate set size:77148 disposed:false
314 silly placeDep ROOT @acemir/cssom@0.9.30 OK for: jsdom@27.4.0 want: ^0.9.28
315 silly placeDep ROOT @asamuzakjp/dom-selector@6.7.6 OK for: jsdom@27.4.0 want: ^6.7.6
316 silly placeDep ROOT @exodus/bytes@1.8.0 OK for: jsdom@27.4.0 want: ^1.6.0
317 silly placeDep ROOT cssstyle@5.3.7 OK for: jsdom@27.4.0 want: ^5.3.4
318 silly placeDep ROOT data-urls@6.0.0 OK for: jsdom@27.4.0 want: ^6.0.0
319 silly placeDep ROOT decimal.js@10.6.0 OK for: jsdom@27.4.0 want: ^10.6.0
320 silly placeDep ROOT html-encoding-sniffer@6.0.0 OK for: jsdom@27.4.0 want: ^6.0.0
321 silly placeDep ROOT http-proxy-agent@7.0.2 OK for: jsdom@27.4.0 want: ^7.0.2
322 silly placeDep ROOT https-proxy-agent@7.0.6 OK for: jsdom@27.4.0 want: ^7.0.6
323 silly placeDep ROOT is-potential-custom-element-name@1.0.1 OK for: jsdom@27.4.0 want: ^1.0.1
324 silly placeDep ROOT parse5@8.0.0 OK for: jsdom@27.4.0 want: ^8.0.0
325 silly placeDep ROOT saxes@6.0.0 OK for: jsdom@27.4.0 want: ^6.0.0
326 silly placeDep ROOT symbol-tree@3.2.4 OK for: jsdom@27.4.0 want: ^3.2.4
327 silly placeDep ROOT tough-cookie@6.0.0 OK for: jsdom@27.4.0 want: ^6.0.0
328 silly placeDep ROOT w3c-xmlserializer@5.0.0 OK for: jsdom@27.4.0 want: ^5.0.0
329 silly placeDep ROOT webidl-conversions@8.0.1 OK for: jsdom@27.4.0 want: ^8.0.0
330 silly placeDep ROOT whatwg-mimetype@4.0.0 OK for: jsdom@27.4.0 want: ^4.0.0
331 silly placeDep ROOT whatwg-url@15.1.0 OK for: jsdom@27.4.0 want: ^15.1.0
332 silly placeDep ROOT ws@8.19.0 OK for: jsdom@27.4.0 want: ^8.18.3
333 silly placeDep ROOT xml-name-validator@5.0.0 OK for: jsdom@27.4.0 want: ^5.0.0
334 silly fetch manifest @asamuzakjp/nwsapi@^2.3.9
335 silly packumentCache full:https://registry.npmjs.org/@asamuzakjp%2fnwsapi cache-miss
336 silly fetch manifest bidi-js@^1.0.3
337 silly packumentCache full:https://registry.npmjs.org/bidi-js cache-miss
338 silly fetch manifest css-tree@^3.1.0
339 silly packumentCache full:https://registry.npmjs.org/css-tree cache-miss
340 silly fetch manifest lru-cache@^11.2.4
341 silly packumentCache full:https://registry.npmjs.org/lru-cache cache-miss
342 silly fetch manifest @asamuzakjp/css-color@^4.1.1
343 silly packumentCache full:https://registry.npmjs.org/@asamuzakjp%2fcss-color cache-miss
344 silly fetch manifest @csstools/css-syntax-patches-for-csstree@^1.0.21
345 silly packumentCache full:https://registry.npmjs.org/@csstools%2fcss-syntax-patches-for-csstree cache-miss
346 silly fetch manifest css-tree@^3.1.0
347 silly packumentCache full:https://registry.npmjs.org/css-tree cache-miss
348 silly fetch manifest lru-cache@^11.2.4
349 silly packumentCache full:https://registry.npmjs.org/lru-cache cache-miss
350 silly fetch manifest whatwg-url@^15.0.0
351 silly packumentCache full:https://registry.npmjs.org/whatwg-url cache-hit
352 silly fetch manifest agent-base@^7.1.0
353 silly packumentCache full:https://registry.npmjs.org/agent-base cache-miss
354 http fetch GET 200 https://registry.npmjs.org/agent-base 28ms (cache revalidated)
355 silly packumentCache full:https://registry.npmjs.org/agent-base set size:67460 disposed:false
356 silly fetch manifest agent-base@^7.1.2
357 silly packumentCache full:https://registry.npmjs.org/agent-base cache-hit
358 silly fetch manifest entities@^6.0.0
359 silly packumentCache full:https://registry.npmjs.org/entities cache-miss
360 http fetch GET 200 https://registry.npmjs.org/lru-cache 33ms (cache revalidated)
361 silly packumentCache full:https://registry.npmjs.org/lru-cache set size:406394 disposed:false
362 silly fetch manifest xmlchars@^2.2.0
363 silly packumentCache full:https://registry.npmjs.org/xmlchars cache-miss
364 http fetch GET 200 https://registry.npmjs.org/css-tree 37ms (cache miss)
365 silly packumentCache full:https://registry.npmjs.org/css-tree set size:undefined disposed:false
366 silly fetch manifest tldts@^7.0.5
367 silly packumentCache full:https://registry.npmjs.org/tldts cache-miss
368 http fetch GET 200 https://registry.npmjs.org/bidi-js 42ms (cache miss)
369 silly packumentCache full:https://registry.npmjs.org/bidi-js set size:undefined disposed:false
370 silly fetch manifest tr46@^6.0.0
371 silly packumentCache full:https://registry.npmjs.org/tr46 cache-miss
372 http fetch GET 200 https://registry.npmjs.org/lru-cache 43ms (cache revalidated)
373 silly packumentCache full:https://registry.npmjs.org/lru-cache set size:406394 disposed:false
374 silly packumentCache full:https://registry.npmjs.org/lru-cache dispose
375 http fetch GET 200 https://registry.npmjs.org/@asamuzakjp%2fcss-color 46ms (cache miss)
376 silly packumentCache full:https://registry.npmjs.org/@asamuzakjp%2fcss-color set size:undefined disposed:false
377 http fetch GET 200 https://registry.npmjs.org/css-tree 49ms (cache miss)
378 silly packumentCache full:https://registry.npmjs.org/css-tree set size:undefined disposed:false
379 http fetch GET 200 https://registry.npmjs.org/@csstools%2fcss-syntax-patches-for-csstree 53ms (cache miss)
380 silly packumentCache full:https://registry.npmjs.org/@csstools%2fcss-syntax-patches-for-csstree set size:undefined disposed:false
381 http fetch GET 200 https://registry.npmjs.org/@asamuzakjp%2fnwsapi 55ms (cache miss)
382 silly packumentCache full:https://registry.npmjs.org/@asamuzakjp%2fnwsapi set size:undefined disposed:false
383 http fetch GET 200 https://registry.npmjs.org/entities 30ms (cache revalidated)
384 silly packumentCache full:https://registry.npmjs.org/entities set size:94747 disposed:false
385 http fetch GET 200 https://registry.npmjs.org/xmlchars 49ms (cache miss)
386 silly packumentCache full:https://registry.npmjs.org/xmlchars set size:undefined disposed:false
387 http fetch GET 200 https://registry.npmjs.org/tr46 48ms (cache revalidated)
388 silly packumentCache full:https://registry.npmjs.org/tr46 set size:47377 disposed:false
389 http fetch GET 200 https://registry.npmjs.org/tldts 137ms (cache miss)
390 silly packumentCache full:https://registry.npmjs.org/tldts set size:undefined disposed:false
391 silly placeDep ROOT @asamuzakjp/nwsapi@2.3.9 OK for: @asamuzakjp/dom-selector@6.7.6 want: ^2.3.9
392 silly placeDep ROOT bidi-js@1.0.3 OK for: @asamuzakjp/dom-selector@6.7.6 want: ^1.0.3
393 silly placeDep ROOT css-tree@3.1.0 OK for: @asamuzakjp/dom-selector@6.7.6 want: ^3.1.0
394 silly placeDep node_modules/@asamuzakjp/dom-selector lru-cache@11.2.4 OK for: @asamuzakjp/dom-selector@6.7.6 want: ^11.2.4
395 silly fetch manifest require-from-string@^2.0.2
396 silly packumentCache full:https://registry.npmjs.org/require-from-string cache-miss
397 silly fetch manifest mdn-data@2.12.2
398 silly packumentCache full:https://registry.npmjs.org/mdn-data cache-miss
399 http fetch GET 200 https://registry.npmjs.org/require-from-string 33ms (cache revalidated)
400 silly packumentCache full:https://registry.npmjs.org/require-from-string set size:15128 disposed:false
401 http fetch GET 200 https://registry.npmjs.org/mdn-data 54ms (cache miss)
402 silly packumentCache full:https://registry.npmjs.org/mdn-data set size:undefined disposed:false
403 silly placeDep ROOT require-from-string@2.0.2 OK for: bidi-js@1.0.3 want: ^2.0.2
404 silly placeDep ROOT mdn-data@2.12.2 OK for: css-tree@3.1.0 want: 2.12.2
405 silly placeDep ROOT @asamuzakjp/css-color@4.1.1 OK for: cssstyle@5.3.7 want: ^4.1.1
406 silly placeDep ROOT @csstools/css-syntax-patches-for-csstree@1.0.23 OK for: cssstyle@5.3.7 want: ^1.0.21
407 silly placeDep node_modules/cssstyle lru-cache@11.2.4 OK for: cssstyle@5.3.7 want: ^11.2.4
408 silly fetch manifest @csstools/css-calc@^2.1.4
409 silly packumentCache full:https://registry.npmjs.org/@csstools%2fcss-calc cache-miss
410 silly fetch manifest @csstools/css-color-parser@^3.1.0
411 silly packumentCache full:https://registry.npmjs.org/@csstools%2fcss-color-parser cache-miss
412 silly fetch manifest @csstools/css-parser-algorithms@^3.0.5
413 silly packumentCache full:https://registry.npmjs.org/@csstools%2fcss-parser-algorithms cache-miss
414 silly fetch manifest @csstools/css-tokenizer@^3.0.4
415 silly packumentCache full:https://registry.npmjs.org/@csstools%2fcss-tokenizer cache-miss
416 http fetch GET 200 https://registry.npmjs.org/@csstools%2fcss-tokenizer 59ms (cache miss)
417 silly packumentCache full:https://registry.npmjs.org/@csstools%2fcss-tokenizer set size:undefined disposed:false
418 http fetch GET 200 https://registry.npmjs.org/@csstools%2fcss-calc 61ms (cache miss)
419 silly packumentCache full:https://registry.npmjs.org/@csstools%2fcss-calc set size:undefined disposed:false
420 http fetch GET 200 https://registry.npmjs.org/@csstools%2fcss-parser-algorithms 71ms (cache miss)
421 silly packumentCache full:https://registry.npmjs.org/@csstools%2fcss-parser-algorithms set size:undefined disposed:false
422 http fetch GET 200 https://registry.npmjs.org/@csstools%2fcss-color-parser 221ms (cache miss)
423 silly packumentCache full:https://registry.npmjs.org/@csstools%2fcss-color-parser set size:undefined disposed:false
424 silly placeDep ROOT @csstools/css-calc@2.1.4 OK for: @asamuzakjp/css-color@4.1.1 want: ^2.1.4
425 silly placeDep ROOT @csstools/css-parser-algorithms@3.0.5 OK for: @csstools/css-calc@2.1.4 want: ^3.0.5
426 silly placeDep ROOT @csstools/css-tokenizer@3.0.4 OK for: @csstools/css-parser-algorithms@3.0.5 want: ^3.0.4
427 silly placeDep ROOT @csstools/css-color-parser@3.1.0 OK for: @asamuzakjp/css-color@4.1.1 want: ^3.1.0
428 silly placeDep node_modules/@asamuzakjp/css-color lru-cache@11.2.4 OK for: @asamuzakjp/css-color@4.1.1 want: ^11.2.4
429 silly fetch manifest @csstools/color-helpers@^5.1.0
430 silly packumentCache full:https://registry.npmjs.org/@csstools%2fcolor-helpers cache-miss
431 http fetch GET 200 https://registry.npmjs.org/@csstools%2fcolor-helpers 42ms (cache miss)
432 silly packumentCache full:https://registry.npmjs.org/@csstools%2fcolor-helpers set size:undefined disposed:false
433 silly placeDep ROOT @csstools/color-helpers@5.1.0 OK for: @csstools/css-color-parser@3.1.0 want: ^5.1.0
434 silly placeDep ROOT agent-base@7.1.4 OK for: http-proxy-agent@7.0.2 want: ^7.1.0
435 silly placeDep ROOT entities@6.0.1 OK for: parse5@8.0.0 want: ^6.0.0
436 silly placeDep ROOT ansi-regex@5.0.1 OK for: pretty-format@27.5.1 want: ^5.0.1
437 silly placeDep node_modules/pretty-format ansi-styles@5.2.0 OK for: pretty-format@27.5.1 want: ^5.0.0
438 silly placeDep ROOT react-is@17.0.2 OK for: pretty-format@27.5.1 want: ^17.0.1
439 silly placeDep ROOT xmlchars@2.2.0 OK for: saxes@6.0.0 want: ^2.2.0
440 silly placeDep ROOT tldts@7.0.19 OK for: tough-cookie@6.0.0 want: ^7.0.5
441 silly fetch manifest tldts-core@^7.0.19
442 silly packumentCache full:https://registry.npmjs.org/tldts-core cache-miss
443 http fetch GET 200 https://registry.npmjs.org/tldts-core 182ms (cache miss)
444 silly packumentCache full:https://registry.npmjs.org/tldts-core set size:undefined disposed:false
445 silly placeDep ROOT tldts-core@7.0.19 OK for: tldts@7.0.19 want: ^7.0.19
446 silly fetch manifest msw@^2.4.9
447 silly packumentCache full:https://registry.npmjs.org/msw cache-miss
448 http fetch GET 200 https://registry.npmjs.org/msw 56ms (cache miss)
449 silly packumentCache full:https://registry.npmjs.org/msw set size:undefined disposed:false
450 silly fetch manifest typescript@>= 4.8.x
451 silly packumentCache full:https://registry.npmjs.org/typescript cache-miss
452 http fetch GET 200 https://registry.npmjs.org/typescript 291ms (cache miss)
453 silly packumentCache full:https://registry.npmjs.org/typescript set size:undefined disposed:false
454 silly fetch manifest vite@^6.0.0 || ^7.0.0
455 silly packumentCache full:https://registry.npmjs.org/vite cache-miss
456 http fetch GET 200 https://registry.npmjs.org/vite 957ms (cache miss)
457 silly packumentCache full:https://registry.npmjs.org/vite set size:undefined disposed:false
458 silly fetch manifest @types/node@^20.0.0 || ^22.0.0 || >=24.0.0
459 silly packumentCache full:https://registry.npmjs.org/@types%2fnode cache-miss
460 http cache https://registry.npmjs.org/@types%2fnode 17ms (cache hit)
461 silly packumentCache full:https://registry.npmjs.org/@types%2fnode set size:10733106 disposed:false
462 silly fetch manifest jiti@>=1.21.0
463 silly packumentCache full:https://registry.npmjs.org/jiti cache-miss
464 http fetch GET 200 https://registry.npmjs.org/jiti 33ms (cache miss)
465 silly packumentCache full:https://registry.npmjs.org/jiti set size:undefined disposed:false
466 silly fetch manifest less@^4.0.0
467 silly packumentCache full:https://registry.npmjs.org/less cache-miss
468 http fetch GET 200 https://registry.npmjs.org/less 34ms (cache miss)
469 silly packumentCache full:https://registry.npmjs.org/less set size:undefined disposed:false
470 silly fetch manifest lightningcss@^1.21.0
471 silly packumentCache full:https://registry.npmjs.org/lightningcss cache-miss
472 http fetch GET 200 https://registry.npmjs.org/lightningcss 39ms (cache miss)
473 silly packumentCache full:https://registry.npmjs.org/lightningcss set size:undefined disposed:false
474 silly fetch manifest sass@^1.70.0
475 silly packumentCache full:https://registry.npmjs.org/sass cache-miss
476 http fetch GET 200 https://registry.npmjs.org/sass 104ms (cache miss)
477 silly packumentCache full:https://registry.npmjs.org/sass set size:undefined disposed:false
478 silly fetch manifest sass-embedded@^1.70.0
479 silly packumentCache full:https://registry.npmjs.org/sass-embedded cache-miss
480 http fetch GET 200 https://registry.npmjs.org/sass-embedded 37ms (cache miss)
481 silly packumentCache full:https://registry.npmjs.org/sass-embedded set size:undefined disposed:false
482 silly fetch manifest stylus@>=0.54.8
483 silly packumentCache full:https://registry.npmjs.org/stylus cache-miss
484 http fetch GET 200 https://registry.npmjs.org/stylus 31ms (cache miss)
485 silly packumentCache full:https://registry.npmjs.org/stylus set size:undefined disposed:false
486 silly fetch manifest sugarss@^5.0.0
487 silly packumentCache full:https://registry.npmjs.org/sugarss cache-miss
488 http fetch GET 200 https://registry.npmjs.org/sugarss 34ms (cache miss)
489 silly packumentCache full:https://registry.npmjs.org/sugarss set size:undefined disposed:false
490 silly fetch manifest postcss@^8.3.3
491 silly packumentCache full:https://registry.npmjs.org/postcss cache-miss
492 http fetch GET 200 https://registry.npmjs.org/postcss 37ms (cache miss)
493 silly packumentCache full:https://registry.npmjs.org/postcss set size:undefined disposed:false
494 silly fetch manifest terser@^5.16.0
495 silly packumentCache full:https://registry.npmjs.org/terser cache-miss
496 http fetch GET 200 https://registry.npmjs.org/terser 47ms (cache miss)
497 silly packumentCache full:https://registry.npmjs.org/terser set size:undefined disposed:false
498 silly fetch manifest tsx@^4.8.1
499 silly packumentCache full:https://registry.npmjs.org/tsx cache-miss
500 http fetch GET 200 https://registry.npmjs.org/tsx 47ms (cache miss)
501 silly packumentCache full:https://registry.npmjs.org/tsx set size:undefined disposed:false
502 silly fetch manifest yaml@^2.4.2
503 silly packumentCache full:https://registry.npmjs.org/yaml cache-miss
504 http fetch GET 200 https://registry.npmjs.org/yaml 41ms (cache miss)
505 silly packumentCache full:https://registry.npmjs.org/yaml set size:undefined disposed:false
506 silly placeDep ROOT @vitest/expect@4.0.16 OK for: vitest@4.0.16 want: 4.0.16
507 silly placeDep ROOT @vitest/mocker@4.0.16 OK for: vitest@4.0.16 want: 4.0.16
508 silly placeDep ROOT @vitest/pretty-format@4.0.16 OK for: vitest@4.0.16 want: 4.0.16
509 silly placeDep ROOT @vitest/runner@4.0.16 OK for: vitest@4.0.16 want: 4.0.16
510 silly placeDep ROOT @vitest/snapshot@4.0.16 OK for: vitest@4.0.16 want: 4.0.16
511 silly placeDep ROOT @vitest/spy@4.0.16 OK for: vitest@4.0.16 want: 4.0.16
512 silly placeDep ROOT @vitest/utils@4.0.16 OK for: vitest@4.0.16 want: 4.0.16
513 silly placeDep ROOT es-module-lexer@1.7.0 OK for: vitest@4.0.16 want: ^1.7.0
514 silly placeDep ROOT expect-type@1.3.0 OK for: vitest@4.0.16 want: ^1.2.2
515 silly placeDep ROOT magic-string@0.30.21 OK for: vitest@4.0.16 want: ^0.30.21
516 silly placeDep ROOT obug@2.1.1 OK for: vitest@4.0.16 want: ^2.1.1
517 silly placeDep ROOT pathe@2.0.3 OK for: vitest@4.0.16 want: ^2.0.3
518 silly placeDep ROOT std-env@3.10.0 OK for: vitest@4.0.16 want: ^3.10.0
519 silly placeDep ROOT tinybench@2.9.0 OK for: vitest@4.0.16 want: ^2.9.0
520 silly placeDep ROOT tinyexec@1.0.2 OK for: vitest@4.0.16 want: ^1.0.2
521 silly placeDep ROOT tinyrainbow@3.0.3 OK for: vitest@4.0.16 want: ^3.0.3
522 silly placeDep ROOT why-is-node-running@2.3.0 OK for: vitest@4.0.16 want: ^2.3.0
523 silly fetch manifest @standard-schema/spec@^1.0.0
524 silly packumentCache full:https://registry.npmjs.org/@standard-schema%2fspec cache-miss
525 silly fetch manifest @types/chai@^5.2.2
526 silly packumentCache full:https://registry.npmjs.org/@types%2fchai cache-miss
527 silly fetch manifest chai@^6.2.1
528 silly packumentCache full:https://registry.npmjs.org/chai cache-miss
529 silly fetch manifest estree-walker@^3.0.3
530 silly packumentCache full:https://registry.npmjs.org/estree-walker cache-miss
531 silly fetch manifest siginfo@^2.0.0
532 silly packumentCache full:https://registry.npmjs.org/siginfo cache-miss
533 silly fetch manifest stackback@0.0.2
534 silly packumentCache full:https://registry.npmjs.org/stackback cache-miss
535 http fetch GET 200 https://registry.npmjs.org/estree-walker 31ms (cache miss)
536 silly packumentCache full:https://registry.npmjs.org/estree-walker set size:undefined disposed:false
537 http fetch GET 200 https://registry.npmjs.org/siginfo 41ms (cache miss)
538 silly packumentCache full:https://registry.npmjs.org/siginfo set size:undefined disposed:false
539 http fetch GET 200 https://registry.npmjs.org/chai 43ms (cache miss)
540 silly packumentCache full:https://registry.npmjs.org/chai set size:undefined disposed:false
541 http fetch GET 200 https://registry.npmjs.org/@types%2fchai 53ms (cache miss)
542 silly packumentCache full:https://registry.npmjs.org/@types%2fchai set size:undefined disposed:false
543 http fetch GET 200 https://registry.npmjs.org/stackback 205ms (cache miss)
544 silly packumentCache full:https://registry.npmjs.org/stackback set size:undefined disposed:false
545 http fetch GET 200 https://registry.npmjs.org/@standard-schema%2fspec 538ms (cache miss)
546 silly packumentCache full:https://registry.npmjs.org/@standard-schema%2fspec set size:undefined disposed:false
547 silly placeDep ROOT @standard-schema/spec@1.1.0 OK for: @vitest/expect@4.0.16 want: ^1.0.0
548 silly placeDep ROOT @types/chai@5.2.3 OK for: @vitest/expect@4.0.16 want: ^5.2.2
549 silly placeDep ROOT chai@6.2.2 OK for: @vitest/expect@4.0.16 want: ^6.2.1
550 silly fetch manifest @types/deep-eql@*
551 silly packumentCache full:https://registry.npmjs.org/@types%2fdeep-eql cache-miss
552 silly fetch manifest assertion-error@^2.0.1
553 silly packumentCache full:https://registry.npmjs.org/assertion-error cache-miss
554 http fetch GET 200 https://registry.npmjs.org/assertion-error 29ms (cache miss)
555 silly packumentCache full:https://registry.npmjs.org/assertion-error set size:undefined disposed:false
556 http fetch GET 200 https://registry.npmjs.org/@types%2fdeep-eql 44ms (cache miss)
557 silly packumentCache full:https://registry.npmjs.org/@types%2fdeep-eql set size:undefined disposed:false
558 silly placeDep ROOT @types/deep-eql@4.0.2 OK for: @types/chai@5.2.3 want: *
559 silly placeDep ROOT assertion-error@2.0.1 OK for: @types/chai@5.2.3 want: ^2.0.1
560 silly placeDep ROOT estree-walker@3.0.3 OK for: @vitest/mocker@4.0.16 want: ^3.0.3
561 silly placeDep ROOT tr46@6.0.0 OK for: whatwg-url@15.1.0 want: ^6.0.0
562 silly placeDep ROOT siginfo@2.0.0 OK for: why-is-node-running@2.3.0 want: ^2.0.0
563 silly placeDep ROOT stackback@0.0.2 OK for: why-is-node-running@2.3.0 want: 0.0.2
564 silly reify moves {}
565 silly audit bulk request {
565 silly audit   '@alloc/quick-lru': [ '5.2.0' ],
565 silly audit   '@babel/code-frame': [ '7.27.1' ],
565 silly audit   '@babel/compat-data': [ '7.28.5' ],
565 silly audit   '@babel/core': [ '7.28.5' ],
565 silly audit   '@babel/generator': [ '7.28.5' ],
565 silly audit   '@babel/helper-compilation-targets': [ '7.27.2' ],
565 silly audit   '@babel/helper-globals': [ '7.28.0' ],
565 silly audit   '@babel/helper-module-imports': [ '7.27.1' ],
565 silly audit   '@babel/helper-module-transforms': [ '7.28.3' ],
565 silly audit   '@babel/helper-plugin-utils': [ '7.27.1' ],
565 silly audit   '@babel/helper-string-parser': [ '7.27.1' ],
565 silly audit   '@babel/helper-validator-identifier': [ '7.28.5' ],
565 silly audit   '@babel/helper-validator-option': [ '7.27.1' ],
565 silly audit   '@babel/helpers': [ '7.28.4' ],
565 silly audit   '@babel/parser': [ '7.28.5' ],
565 silly audit   '@babel/plugin-transform-react-jsx-self': [ '7.27.1' ],
565 silly audit   '@babel/plugin-transform-react-jsx-source': [ '7.27.1' ],
565 silly audit   '@babel/template': [ '7.27.2' ],
565 silly audit   '@babel/traverse': [ '7.28.5' ],
565 silly audit   '@babel/types': [ '7.28.5' ],
565 silly audit   '@esbuild/aix-ppc64': [ '0.27.1' ],
565 silly audit   '@esbuild/android-arm': [ '0.27.1' ],
565 silly audit   '@esbuild/android-arm64': [ '0.27.1' ],
565 silly audit   '@esbuild/android-x64': [ '0.27.1' ],
565 silly audit   '@esbuild/darwin-arm64': [ '0.27.1' ],
565 silly audit   '@esbuild/darwin-x64': [ '0.27.1' ],
565 silly audit   '@esbuild/freebsd-arm64': [ '0.27.1' ],
565 silly audit   '@esbuild/freebsd-x64': [ '0.27.1' ],
565 silly audit   '@esbuild/linux-arm': [ '0.27.1' ],
565 silly audit   '@esbuild/linux-arm64': [ '0.27.1' ],
565 silly audit   '@esbuild/linux-ia32': [ '0.27.1' ],
565 silly audit   '@esbuild/linux-loong64': [ '0.27.1' ],
565 silly audit   '@esbuild/linux-mips64el': [ '0.27.1' ],
565 silly audit   '@esbuild/linux-ppc64': [ '0.27.1' ],
565 silly audit   '@esbuild/linux-riscv64': [ '0.27.1' ],
565 silly audit   '@esbuild/linux-s390x': [ '0.27.1' ],
565 silly audit   '@esbuild/linux-x64': [ '0.27.1' ],
565 silly audit   '@esbuild/netbsd-arm64': [ '0.27.1' ],
565 silly audit   '@esbuild/netbsd-x64': [ '0.27.1' ],
565 silly audit   '@esbuild/openbsd-arm64': [ '0.27.1' ],
565 silly audit   '@esbuild/openbsd-x64': [ '0.27.1' ],
565 silly audit   '@esbuild/openharmony-arm64': [ '0.27.1' ],
565 silly audit   '@esbuild/sunos-x64': [ '0.27.1' ],
565 silly audit   '@esbuild/win32-arm64': [ '0.27.1' ],
565 silly audit   '@esbuild/win32-ia32': [ '0.27.1' ],
565 silly audit   '@esbuild/win32-x64': [ '0.27.1' ],
565 silly audit   '@eslint-community/eslint-utils': [ '4.9.0' ],
565 silly audit   'eslint-visitor-keys': [ '3.4.3', '4.2.1' ],
565 silly audit   '@eslint-community/regexpp': [ '4.12.2' ],
565 silly audit   '@eslint/config-array': [ '0.21.1' ],
565 silly audit   '@eslint/config-helpers': [ '0.4.2' ],
565 silly audit   '@eslint/core': [ '0.17.0' ],
565 silly audit   '@eslint/eslintrc': [ '3.3.3' ],
565 silly audit   globals: [ '14.0.0', '16.5.0' ],
565 silly audit   '@eslint/js': [ '9.39.2' ],
565 silly audit   '@eslint/object-schema': [ '2.1.7' ],
565 silly audit   '@eslint/plugin-kit': [ '0.4.1' ],
565 silly audit   '@humanfs/core': [ '0.19.1' ],
565 silly audit   '@humanfs/node': [ '0.16.7' ],
565 silly audit   '@humanwhocodes/module-importer': [ '1.0.1' ],
565 silly audit   '@humanwhocodes/retry': [ '0.4.3' ],
565 silly audit   '@jridgewell/gen-mapping': [ '0.3.13' ],
565 silly audit   '@jridgewell/remapping': [ '2.3.5' ],
565 silly audit   '@jridgewell/resolve-uri': [ '3.1.2' ],
565 silly audit   '@jridgewell/sourcemap-codec': [ '1.5.5' ],
565 silly audit   '@jridgewell/trace-mapping': [ '0.3.31' ],
565 silly audit   '@nodelib/fs.scandir': [ '2.1.5' ],
565 silly audit   '@nodelib/fs.stat': [ '2.0.5' ],
565 silly audit   '@nodelib/fs.walk': [ '1.2.8' ],
565 silly audit   '@rolldown/pluginutils': [ '1.0.0-beta.53' ],
565 silly audit   '@rollup/rollup-android-arm-eabi': [ '4.53.5' ],
565 silly audit   '@rollup/rollup-android-arm64': [ '4.53.5' ],
565 silly audit   '@rollup/rollup-darwin-arm64': [ '4.53.5' ],
565 silly audit   '@rollup/rollup-darwin-x64': [ '4.53.5' ],
565 silly audit   '@rollup/rollup-freebsd-arm64': [ '4.53.5' ],
565 silly audit   '@rollup/rollup-freebsd-x64': [ '4.53.5' ],
565 silly audit   '@rollup/rollup-linux-arm-gnueabihf': [ '4.53.5' ],
565 silly audit   '@rollup/rollup-linux-arm-musleabihf': [ '4.53.5' ],
565 silly audit   '@rollup/rollup-linux-arm64-gnu': [ '4.53.5' ],
565 silly audit   '@rollup/rollup-linux-arm64-musl': [ '4.53.5' ],
565 silly audit   '@rollup/rollup-linux-loong64-gnu': [ '4.53.5' ],
565 silly audit   '@rollup/rollup-linux-ppc64-gnu': [ '4.53.5' ],
565 silly audit   '@rollup/rollup-linux-riscv64-gnu': [ '4.53.5' ],
565 silly audit   '@rollup/rollup-linux-riscv64-musl': [ '4.53.5' ],
565 silly audit   '@rollup/rollup-linux-s390x-gnu': [ '4.53.5' ],
565 silly audit   '@rollup/rollup-linux-x64-gnu': [ '4.53.5' ],
565 silly audit   '@rollup/rollup-linux-x64-musl': [ '4.53.5' ],
565 silly audit   '@rollup/rollup-openharmony-arm64': [ '4.53.5' ],
565 silly audit   '@rollup/rollup-win32-arm64-msvc': [ '4.53.5' ],
565 silly audit   '@rollup/rollup-win32-ia32-msvc': [ '4.53.5' ],
565 silly audit   '@rollup/rollup-win32-x64-gnu': [ '4.53.5' ],
565 silly audit   '@rollup/rollup-win32-x64-msvc': [ '4.53.5' ],
565 silly audit   '@tanstack/query-core': [ '5.90.16' ],
565 silly audit   '@tanstack/react-query': [ '5.90.16' ],
565 silly audit   '@types/babel__core': [ '7.20.5' ],
565 silly audit   '@types/babel__generator': [ '7.27.0' ],
565 silly audit   '@types/babel__template': [ '7.4.4' ],
565 silly audit   '@types/babel__traverse': [ '7.28.0' ],
565 silly audit   '@types/estree': [ '1.0.8' ],
565 silly audit   '@types/json-schema': [ '7.0.15' ],
565 silly audit   '@types/node': [ '24.10.4' ],
565 silly audit   '@types/react': [ '19.2.7' ],
565 silly audit   '@types/react-dom': [ '19.2.3' ],
565 silly audit   '@typescript-eslint/eslint-plugin': [ '8.50.0' ],
565 silly audit   ignore: [ '7.0.5', '5.3.2' ],
565 silly audit   '@typescript-eslint/parser': [ '8.50.0' ],
565 silly audit   '@typescript-eslint/project-service': [ '8.50.0' ],
565 silly audit   '@typescript-eslint/scope-manager': [ '8.50.0' ],
565 silly audit   '@typescript-eslint/tsconfig-utils': [ '8.50.0' ],
565 silly audit   '@typescript-eslint/type-utils': [ '8.50.0' ],
565 silly audit   '@typescript-eslint/types': [ '8.50.0' ],
565 silly audit   '@typescript-eslint/typescript-estree': [ '8.50.0' ],
565 silly audit   'brace-expansion': [ '2.0.2', '1.1.12' ],
565 silly audit   minimatch: [ '9.0.5', '3.1.2' ],
565 silly audit   semver: [ '7.7.3', '6.3.1' ],
565 silly audit   '@typescript-eslint/utils': [ '8.50.0' ],
565 silly audit   '@typescript-eslint/visitor-keys': [ '8.50.0' ],
565 silly audit   '@vitejs/plugin-react': [ '5.1.2' ],
565 silly audit   acorn: [ '8.15.0' ],
565 silly audit   'acorn-jsx': [ '5.3.2' ],
565 silly audit   ajv: [ '6.12.6' ],
565 silly audit   'ansi-styles': [ '4.3.0', '5.2.0' ],
565 silly audit   'any-promise': [ '1.3.0' ],
565 silly audit   anymatch: [ '3.1.3' ],
565 silly audit   picomatch: [ '2.3.1', '4.0.3' ],
565 silly audit   arg: [ '5.0.2' ],
565 silly audit   argparse: [ '2.0.1' ],
565 silly audit   asynckit: [ '0.4.0' ],
565 silly audit   autoprefixer: [ '10.4.23' ],
565 silly audit   axios: [ '1.13.2' ],
565 silly audit   'balanced-match': [ '1.0.2' ],
565 silly audit   'baseline-browser-mapping': [ '2.9.7' ],
565 silly audit   'binary-extensions': [ '2.3.0' ],
565 silly audit   braces: [ '3.0.3' ],
565 silly audit   browserslist: [ '4.28.1' ],
565 silly audit   'call-bind-apply-helpers': [ '1.0.2' ],
565 silly audit   callsites: [ '3.1.0' ],
565 silly audit   'camelcase-css': [ '2.0.1' ],
565 silly audit   'caniuse-lite': [ '1.0.30001760' ],
565 silly audit   chalk: [ '4.1.2' ],
565 silly audit   chokidar: [ '3.6.0' ],
565 silly audit   'glob-parent': [ '5.1.2', '6.0.2' ],
565 silly audit   'class-variance-authority': [ '0.7.1' ],
565 silly audit   clsx: [ '2.1.1' ],
565 silly audit   'color-convert': [ '2.0.1' ],
565 silly audit   'color-name': [ '1.1.4' ],
565 silly audit   'combined-stream': [ '1.0.8' ],
565 silly audit   commander: [ '4.1.1' ],
565 silly audit   'concat-map': [ '0.0.1' ],
565 silly audit   'convert-source-map': [ '2.0.0' ],
565 silly audit   cookie: [ '1.1.1' ],
565 silly audit   'cross-spawn': [ '7.0.6' ],
565 silly audit   cssesc: [ '3.0.0' ],
565 silly audit   csstype: [ '3.2.3' ],
565 silly audit   debug: [ '4.4.3' ],
565 silly audit   'deep-is': [ '0.1.4' ],
565 silly audit   'delayed-stream': [ '1.0.0' ],
565 silly audit   didyoumean: [ '1.2.2' ],
565 silly audit   dlv: [ '1.1.3' ],
565 silly audit   'dunder-proto': [ '1.0.1' ],
565 silly audit   'electron-to-chromium': [ '1.5.267' ],
565 silly audit   'es-define-property': [ '1.0.1' ],
565 silly audit   'es-errors': [ '1.3.0' ],
565 silly audit   'es-object-atoms': [ '1.1.1' ],
565 silly audit   'es-set-tostringtag': [ '2.1.0' ],
565 silly audit   esbuild: [ '0.27.1' ],
565 silly audit   escalade: [ '3.2.0' ],
565 silly audit   'escape-string-regexp': [ '4.0.0' ],
565 silly audit   eslint: [ '9.39.2' ],
565 silly audit   'eslint-plugin-react-hooks': [ '7.0.1' ],
565 silly audit   'eslint-plugin-react-refresh': [ '0.4.25' ],
565 silly audit   'eslint-scope': [ '8.4.0' ],
565 silly audit   espree: [ '10.4.0' ],
565 silly audit   esquery: [ '1.6.0' ],
565 silly audit   esrecurse: [ '4.3.0' ],
565 silly audit   estraverse: [ '5.3.0' ],
565 silly audit   esutils: [ '2.0.3' ],
565 silly audit   'fast-deep-equal': [ '3.1.3' ],
565 silly audit   'fast-glob': [ '3.3.3' ],
565 silly audit   'fast-json-stable-stringify': [ '2.1.0' ],
565 silly audit   'fast-levenshtein': [ '2.0.6' ],
565 silly audit   fastq: [ '1.19.1' ],
565 silly audit   fdir: [ '6.5.0' ],
565 silly audit   'file-entry-cache': [ '8.0.0' ],
565 silly audit   'fill-range': [ '7.1.1' ],
565 silly audit   'find-up': [ '5.0.0' ],
565 silly audit   'flat-cache': [ '4.0.1' ],
565 silly audit   flatted: [ '3.3.3' ],
565 silly audit   'follow-redirects': [ '1.15.11' ],
565 silly audit   'form-data': [ '4.0.5' ],
565 silly audit   'fraction.js': [ '5.3.4' ],
565 silly audit   'framer-motion': [ '12.23.26' ],
565 silly audit   fsevents: [ '2.3.3' ],
565 silly audit   'function-bind': [ '1.1.2' ],
565 silly audit   gensync: [ '1.0.0-beta.2' ],
565 silly audit   'get-intrinsic': [ '1.3.0' ],
565 silly audit   'get-proto': [ '1.0.1' ],
565 silly audit   gopd: [ '1.2.0' ],
565 silly audit   'has-flag': [ '4.0.0' ],
565 silly audit   'has-symbols': [ '1.1.0' ],
565 silly audit   'has-tostringtag': [ '1.0.2' ],
565 silly audit   hasown: [ '2.0.2' ],
565 silly audit   'hermes-estree': [ '0.25.1' ],
565 silly audit   'hermes-parser': [ '0.25.1' ],
565 silly audit   'import-fresh': [ '3.3.1' ],
565 silly audit   imurmurhash: [ '0.1.4' ],
565 silly audit   'is-binary-path': [ '2.1.0' ],
565 silly audit   'is-core-module': [ '2.16.1' ],
565 silly audit   'is-extglob': [ '2.1.1' ],
565 silly audit   'is-glob': [ '4.0.3' ],
565 silly audit   'is-number': [ '7.0.0' ],
565 silly audit   isexe: [ '2.0.0' ],
565 silly audit   jiti: [ '1.21.7' ],
565 silly audit   'js-tokens': [ '4.0.0' ],
565 silly audit   'js-yaml': [ '4.1.1' ],
565 silly audit   jsesc: [ '3.1.0' ],
565 silly audit   'json-buffer': [ '3.0.1' ],
565 silly audit   'json-schema-traverse': [ '0.4.1' ],
565 silly audit   'json-stable-stringify-without-jsonify': [ '1.0.1' ],
565 silly audit   json5: [ '2.2.3' ],
565 silly audit   keyv: [ '4.5.4' ],
565 silly audit   levn: [ '0.4.1' ],
565 silly audit   lilconfig: [ '3.1.3' ],
565 silly audit   'lines-and-columns': [ '1.2.4' ],
565 silly audit   'locate-path': [ '6.0.0' ],
565 silly audit   'lodash.merge': [ '4.6.2' ],
565 silly audit   'lru-cache': [ '5.1.1', '11.2.4' ],
565 silly audit   'math-intrinsics': [ '1.1.0' ],
565 silly audit   merge2: [ '1.4.1' ],
565 silly audit   micromatch: [ '4.0.8' ],
565 silly audit   'mime-db': [ '1.52.0' ],
565 silly audit   'mime-types': [ '2.1.35' ],
565 silly audit   'motion-dom': [ '12.23.23' ],
565 silly audit   'motion-utils': [ '12.23.6' ],
565 silly audit   ms: [ '2.1.3' ],
565 silly audit   mz: [ '2.7.0' ],
565 silly audit   nanoid: [ '3.3.11' ],
565 silly audit   'natural-compare': [ '1.4.0' ],
565 silly audit   'node-releases': [ '2.0.27' ],
565 silly audit   'normalize-path': [ '3.0.0' ],
565 silly audit   'object-assign': [ '4.1.1' ],
565 silly audit   'object-hash': [ '3.0.0' ],
565 silly audit   optionator: [ '0.9.4' ],
565 silly audit   'p-limit': [ '3.1.0' ],
565 silly audit   'p-locate': [ '5.0.0' ],
565 silly audit   'parent-module': [ '1.0.1' ],
565 silly audit   'path-exists': [ '4.0.0' ],
565 silly audit   'path-key': [ '3.1.1' ],
565 silly audit   'path-parse': [ '1.0.7' ],
565 silly audit   picocolors: [ '1.1.1' ],
565 silly audit   pify: [ '2.3.0' ],
565 silly audit   pirates: [ '4.0.7' ],
565 silly audit   postcss: [ '8.5.6' ],
565 silly audit   'postcss-import': [ '15.1.0' ],
565 silly audit   'postcss-js': [ '4.1.0' ],
565 silly audit   'postcss-load-config': [ '4.0.2' ],
565 silly audit   'postcss-nested': [ '6.2.0' ],
565 silly audit   'postcss-selector-parser': [ '6.1.2' ],
565 silly audit   'postcss-value-parser': [ '4.2.0' ],
565 silly audit   'prelude-ls': [ '1.2.1' ],
565 silly audit   'proxy-from-env': [ '1.1.0' ],
565 silly audit   punycode: [ '2.3.1' ],
565 silly audit   'queue-microtask': [ '1.2.3' ],
565 silly audit   react: [ '19.2.3' ],
565 silly audit   'react-dom': [ '19.2.3' ],
565 silly audit   'react-hook-form': [ '7.70.0' ],
565 silly audit   'react-icons': [ '5.5.0' ],
565 silly audit   'react-refresh': [ '0.18.0' ],
565 silly audit   'react-router': [ '7.10.1' ],
565 silly audit   'react-router-dom': [ '7.10.1' ],
565 silly audit   'read-cache': [ '1.0.0' ],
565 silly audit   readdirp: [ '3.6.0' ],
565 silly audit   resolve: [ '1.22.11' ],
565 silly audit   'resolve-from': [ '4.0.0' ],
565 silly audit   reusify: [ '1.1.0' ],
565 silly audit   rollup: [ '4.53.5' ],
565 silly audit   'run-parallel': [ '1.2.0' ],
565 silly audit   scheduler: [ '0.27.0' ],
565 silly audit   'set-cookie-parser': [ '2.7.2' ],
565 silly audit   'shebang-command': [ '2.0.0' ],
565 silly audit   'shebang-regex': [ '3.0.0' ],
565 silly audit   'source-map-js': [ '1.2.1' ],
565 silly audit   'strip-json-comments': [ '3.1.1' ],
565 silly audit   sucrase: [ '3.35.1' ],
565 silly audit   'supports-color': [ '7.2.0' ],
565 silly audit   'supports-preserve-symlinks-flag': [ '1.0.0' ],
565 silly audit   swiper: [ '12.0.3' ],
565 silly audit   'tailwind-merge': [ '3.4.0' ],
565 silly audit   'tailwind-scrollbar-hide': [ '4.0.0' ],
565 silly audit   tailwindcss: [ '3.4.17' ],
565 silly audit   thenify: [ '3.3.1' ],
565 silly audit   'thenify-all': [ '1.6.0' ],
565 silly audit   tinyglobby: [ '0.2.15' ],
565 silly audit   'to-regex-range': [ '5.0.1' ],
565 silly audit   'ts-api-utils': [ '2.1.0' ],
565 silly audit   'ts-interface-checker': [ '0.1.13' ],
565 silly audit   tslib: [ '2.8.1' ],
565 silly audit   'type-check': [ '0.4.0' ],
565 silly audit   typescript: [ '5.9.3' ],
565 silly audit   'typescript-eslint': [ '8.50.0' ],
565 silly audit   'undici-types': [ '7.16.0' ],
565 silly audit   'update-browserslist-db': [ '1.2.2' ],
565 silly audit   'uri-js': [ '4.4.1' ],
565 silly audit   'util-deprecate': [ '1.0.2' ],
565 silly audit   vite: [ '7.3.0' ],
565 silly audit   which: [ '2.0.2' ],
565 silly audit   'word-wrap': [ '1.2.5' ],
565 silly audit   yallist: [ '3.1.1' ],
565 silly audit   yaml: [ '2.8.2' ],
565 silly audit   'yocto-queue': [ '0.1.0' ],
565 silly audit   zod: [ '4.3.5' ],
565 silly audit   'zod-validation-error': [ '4.0.2' ],
565 silly audit   zustand: [ '5.0.9' ],
565 silly audit   '@testing-library/dom': [ '10.4.1' ],
565 silly audit   '@testing-library/react': [ '16.3.1' ],
565 silly audit   '@testing-library/user-event': [ '14.6.1' ],
565 silly audit   jsdom: [ '27.4.0' ],
565 silly audit   vitest: [ '4.0.16' ],
565 silly audit   '@babel/runtime': [ '7.28.4' ],
565 silly audit   '@types/aria-query': [ '5.0.4' ],
565 silly audit   'aria-query': [ '5.3.0' ],
565 silly audit   'dom-accessibility-api': [ '0.5.16' ],
565 silly audit   'lz-string': [ '1.5.0' ],
565 silly audit   'pretty-format': [ '27.5.1' ],
565 silly audit   dequal: [ '2.0.3' ],
565 silly audit   '@acemir/cssom': [ '0.9.30' ],
565 silly audit   '@asamuzakjp/dom-selector': [ '6.7.6' ],
565 silly audit   '@exodus/bytes': [ '1.8.0' ],
565 silly audit   cssstyle: [ '5.3.7' ],
565 silly audit   'data-urls': [ '6.0.0' ],
565 silly audit   'decimal.js': [ '10.6.0' ],
565 silly audit   'html-encoding-sniffer': [ '6.0.0' ],
565 silly audit   'http-proxy-agent': [ '7.0.2' ],
565 silly audit   'https-proxy-agent': [ '7.0.6' ],
565 silly audit   'is-potential-custom-element-name': [ '1.0.1' ],
565 silly audit   parse5: [ '8.0.0' ],
565 silly audit   saxes: [ '6.0.0' ],
565 silly audit   'symbol-tree': [ '3.2.4' ],
565 silly audit   'tough-cookie': [ '6.0.0' ],
565 silly audit   'w3c-xmlserializer': [ '5.0.0' ],
565 silly audit   'webidl-conversions': [ '8.0.1' ],
565 silly audit   'whatwg-mimetype': [ '4.0.0' ],
565 silly audit   'whatwg-url': [ '15.1.0' ],
565 silly audit   ws: [ '8.19.0' ],
565 silly audit   'xml-name-validator': [ '5.0.0' ],
565 silly audit   '@asamuzakjp/nwsapi': [ '2.3.9' ],
565 silly audit   'bidi-js': [ '1.0.3' ],
565 silly audit   'css-tree': [ '3.1.0' ],
565 silly audit   'require-from-string': [ '2.0.2' ],
565 silly audit   'mdn-data': [ '2.12.2' ],
565 silly audit   '@asamuzakjp/css-color': [ '4.1.1' ],
565 silly audit   '@csstools/css-syntax-patches-for-csstree': [ '1.0.23' ],
565 silly audit   '@csstools/css-calc': [ '2.1.4' ],
565 silly audit   '@csstools/css-parser-algorithms': [ '3.0.5' ],
565 silly audit   '@csstools/css-tokenizer': [ '3.0.4' ],
565 silly audit   '@csstools/css-color-parser': [ '3.1.0' ],
565 silly audit   '@csstools/color-helpers': [ '5.1.0' ],
565 silly audit   'agent-base': [ '7.1.4' ],
565 silly audit   entities: [ '6.0.1' ],
565 silly audit   'ansi-regex': [ '5.0.1' ],
565 silly audit   'react-is': [ '17.0.2' ],
565 silly audit   xmlchars: [ '2.2.0' ],
565 silly audit   tldts: [ '7.0.19' ],
565 silly audit   'tldts-core': [ '7.0.19' ],
565 silly audit   '@vitest/expect': [ '4.0.16' ],
565 silly audit   '@vitest/mocker': [ '4.0.16' ],
565 silly audit   '@vitest/pretty-format': [ '4.0.16' ],
565 silly audit   '@vitest/runner': [ '4.0.16' ],
565 silly audit   '@vitest/snapshot': [ '4.0.16' ],
565 silly audit   '@vitest/spy': [ '4.0.16' ],
565 silly audit   '@vitest/utils': [ '4.0.16' ],
565 silly audit   'es-module-lexer': [ '1.7.0' ],
565 silly audit   'expect-type': [ '1.3.0' ],
565 silly audit   'magic-string': [ '0.30.21' ],
565 silly audit   obug: [ '2.1.1' ],
565 silly audit   pathe: [ '2.0.3' ],
565 silly audit   'std-env': [ '3.10.0' ],
565 silly audit   tinybench: [ '2.9.0' ],
565 silly audit   tinyexec: [ '1.0.2' ],
565 silly audit   tinyrainbow: [ '3.0.3' ],
565 silly audit   'why-is-node-running': [ '2.3.0' ],
565 silly audit   '@standard-schema/spec': [ '1.1.0' ],
565 silly audit   '@types/chai': [ '5.2.3' ],
565 silly audit   chai: [ '6.2.2' ],
565 silly audit   '@types/deep-eql': [ '4.0.2' ],
565 silly audit   'assertion-error': [ '2.0.1' ],
565 silly audit   'estree-walker': [ '3.0.3' ],
565 silly audit   tr46: [ '6.0.0' ],
565 silly audit   siginfo: [ '2.0.0' ],
565 silly audit   stackback: [ '0.0.2' ]
565 silly audit }
566 http cache stackback@https://registry.npmjs.org/stackback/-/stackback-0.0.2.tgz 0ms (cache hit)
567 http cache tr46@https://registry.npmjs.org/tr46/-/tr46-6.0.0.tgz 0ms (cache hit)
568 http cache siginfo@https://registry.npmjs.org/siginfo/-/siginfo-2.0.0.tgz 0ms (cache hit)
569 http cache estree-walker@https://registry.npmjs.org/estree-walker/-/estree-walker-3.0.3.tgz 0ms (cache hit)
570 http cache assertion-error@https://registry.npmjs.org/assertion-error/-/assertion-error-2.0.1.tgz 0ms (cache hit)
571 http cache @types/deep-eql@https://registry.npmjs.org/@types/deep-eql/-/deep-eql-4.0.2.tgz 0ms (cache hit)
572 http cache chai@https://registry.npmjs.org/chai/-/chai-6.2.2.tgz 0ms (cache hit)
573 http cache @types/chai@https://registry.npmjs.org/@types/chai/-/chai-5.2.3.tgz 0ms (cache hit)
574 http cache @standard-schema/spec@https://registry.npmjs.org/@standard-schema/spec/-/spec-1.1.0.tgz 0ms (cache hit)
575 http cache why-is-node-running@https://registry.npmjs.org/why-is-node-running/-/why-is-node-running-2.3.0.tgz 0ms (cache hit)
576 http cache tinyrainbow@https://registry.npmjs.org/tinyrainbow/-/tinyrainbow-3.0.3.tgz 0ms (cache hit)
577 http cache tinyexec@https://registry.npmjs.org/tinyexec/-/tinyexec-1.0.2.tgz 0ms (cache hit)
578 http cache tinybench@https://registry.npmjs.org/tinybench/-/tinybench-2.9.0.tgz 0ms (cache hit)
579 http cache std-env@https://registry.npmjs.org/std-env/-/std-env-3.10.0.tgz 0ms (cache hit)
580 http cache pathe@https://registry.npmjs.org/pathe/-/pathe-2.0.3.tgz 0ms (cache hit)
581 http cache obug@https://registry.npmjs.org/obug/-/obug-2.1.1.tgz 0ms (cache hit)
582 http cache magic-string@https://registry.npmjs.org/magic-string/-/magic-string-0.30.21.tgz 0ms (cache hit)
583 http cache @vitest/utils@https://registry.npmjs.org/@vitest/utils/-/utils-4.0.16.tgz 0ms (cache hit)
584 http cache expect-type@https://registry.npmjs.org/expect-type/-/expect-type-1.3.0.tgz 0ms (cache hit)
585 http cache @vitest/snapshot@https://registry.npmjs.org/@vitest/snapshot/-/snapshot-4.0.16.tgz 0ms (cache hit)
586 http cache es-module-lexer@https://registry.npmjs.org/es-module-lexer/-/es-module-lexer-1.7.0.tgz 0ms (cache hit)
587 http cache @vitest/runner@https://registry.npmjs.org/@vitest/runner/-/runner-4.0.16.tgz 0ms (cache hit)
588 http cache @vitest/spy@https://registry.npmjs.org/@vitest/spy/-/spy-4.0.16.tgz 0ms (cache hit)
589 http cache @vitest/pretty-format@https://registry.npmjs.org/@vitest/pretty-format/-/pretty-format-4.0.16.tgz 0ms (cache hit)
590 http cache tldts-core@https://registry.npmjs.org/tldts-core/-/tldts-core-7.0.19.tgz 0ms (cache hit)
591 http cache @vitest/expect@https://registry.npmjs.org/@vitest/expect/-/expect-4.0.16.tgz 0ms (cache hit)
592 http cache tldts@https://registry.npmjs.org/tldts/-/tldts-7.0.19.tgz 0ms (cache hit)
593 http cache @vitest/mocker@https://registry.npmjs.org/@vitest/mocker/-/mocker-4.0.16.tgz 0ms (cache hit)
594 http cache xmlchars@https://registry.npmjs.org/xmlchars/-/xmlchars-2.2.0.tgz 0ms (cache hit)
595 http cache react-is@https://registry.npmjs.org/react-is/-/react-is-17.0.2.tgz 0ms (cache hit)
596 http cache ansi-regex@https://registry.npmjs.org/ansi-regex/-/ansi-regex-5.0.1.tgz 0ms (cache hit)
597 http cache agent-base@https://registry.npmjs.org/agent-base/-/agent-base-7.1.4.tgz 0ms (cache hit)
598 http cache entities@https://registry.npmjs.org/entities/-/entities-6.0.1.tgz 0ms (cache hit)
599 http cache @csstools/css-color-parser@https://registry.npmjs.org/@csstools/css-color-parser/-/css-color-parser-3.1.0.tgz 0ms (cache hit)
600 http cache @csstools/css-tokenizer@https://registry.npmjs.org/@csstools/css-tokenizer/-/css-tokenizer-3.0.4.tgz 0ms (cache hit)
601 http cache @csstools/css-parser-algorithms@https://registry.npmjs.org/@csstools/css-parser-algorithms/-/css-parser-algorithms-3.0.5.tgz 0ms (cache hit)
602 http cache @csstools/css-calc@https://registry.npmjs.org/@csstools/css-calc/-/css-calc-2.1.4.tgz 0ms (cache hit)
603 http cache @csstools/css-syntax-patches-for-csstree@https://registry.npmjs.org/@csstools/css-syntax-patches-for-csstree/-/css-syntax-patches-for-csstree-1.0.23.tgz 0ms (cache hit)
604 http cache css-tree@https://registry.npmjs.org/css-tree/-/css-tree-3.1.0.tgz 0ms (cache hit)
605 http cache bidi-js@https://registry.npmjs.org/bidi-js/-/bidi-js-1.0.3.tgz 0ms (cache hit)
606 http cache @asamuzakjp/nwsapi@https://registry.npmjs.org/@asamuzakjp/nwsapi/-/nwsapi-2.3.9.tgz 0ms (cache hit)
607 http cache @csstools/color-helpers@https://registry.npmjs.org/@csstools/color-helpers/-/color-helpers-5.1.0.tgz 0ms (cache hit)
608 http cache xml-name-validator@https://registry.npmjs.org/xml-name-validator/-/xml-name-validator-5.0.0.tgz 0ms (cache hit)
609 http cache @asamuzakjp/css-color@https://registry.npmjs.org/@asamuzakjp/css-color/-/css-color-4.1.1.tgz 0ms (cache hit)
610 http cache mdn-data@https://registry.npmjs.org/mdn-data/-/mdn-data-2.12.2.tgz 0ms (cache hit)
611 http cache ws@https://registry.npmjs.org/ws/-/ws-8.19.0.tgz 0ms (cache hit)
612 http cache whatwg-url@https://registry.npmjs.org/whatwg-url/-/whatwg-url-15.1.0.tgz 0ms (cache hit)
613 http cache whatwg-mimetype@https://registry.npmjs.org/whatwg-mimetype/-/whatwg-mimetype-4.0.0.tgz 0ms (cache hit)
614 http cache w3c-xmlserializer@https://registry.npmjs.org/w3c-xmlserializer/-/w3c-xmlserializer-5.0.0.tgz 0ms (cache hit)
615 http cache webidl-conversions@https://registry.npmjs.org/webidl-conversions/-/webidl-conversions-8.0.1.tgz 0ms (cache hit)
616 http cache require-from-string@https://registry.npmjs.org/require-from-string/-/require-from-string-2.0.2.tgz 0ms (cache hit)
617 http cache tough-cookie@https://registry.npmjs.org/tough-cookie/-/tough-cookie-6.0.0.tgz 0ms (cache hit)
618 http cache symbol-tree@https://registry.npmjs.org/symbol-tree/-/symbol-tree-3.2.4.tgz 0ms (cache hit)
619 http cache saxes@https://registry.npmjs.org/saxes/-/saxes-6.0.0.tgz 0ms (cache hit)
620 http cache parse5@https://registry.npmjs.org/parse5/-/parse5-8.0.0.tgz 0ms (cache hit)
621 http cache is-potential-custom-element-name@https://registry.npmjs.org/is-potential-custom-element-name/-/is-potential-custom-element-name-1.0.1.tgz 0ms (cache hit)
622 http cache http-proxy-agent@https://registry.npmjs.org/http-proxy-agent/-/http-proxy-agent-7.0.2.tgz 0ms (cache hit)
623 http cache html-encoding-sniffer@https://registry.npmjs.org/html-encoding-sniffer/-/html-encoding-sniffer-6.0.0.tgz 0ms (cache hit)
624 http cache data-urls@https://registry.npmjs.org/data-urls/-/data-urls-6.0.0.tgz 0ms (cache hit)
625 http cache decimal.js@https://registry.npmjs.org/decimal.js/-/decimal.js-10.6.0.tgz 0ms (cache hit)
626 http cache @exodus/bytes@https://registry.npmjs.org/@exodus/bytes/-/bytes-1.8.0.tgz 0ms (cache hit)
627 http cache cssstyle@https://registry.npmjs.org/cssstyle/-/cssstyle-5.3.7.tgz 0ms (cache hit)
628 http cache @asamuzakjp/dom-selector@https://registry.npmjs.org/@asamuzakjp/dom-selector/-/dom-selector-6.7.6.tgz 0ms (cache hit)
629 http cache dequal@https://registry.npmjs.org/dequal/-/dequal-2.0.3.tgz 0ms (cache hit)
630 http cache https-proxy-agent@https://registry.npmjs.org/https-proxy-agent/-/https-proxy-agent-7.0.6.tgz 0ms (cache hit)
631 http cache lz-string@https://registry.npmjs.org/lz-string/-/lz-string-1.5.0.tgz 0ms (cache hit)
632 http cache dom-accessibility-api@https://registry.npmjs.org/dom-accessibility-api/-/dom-accessibility-api-0.5.16.tgz 0ms (cache hit)
633 http cache aria-query@https://registry.npmjs.org/aria-query/-/aria-query-5.3.0.tgz 0ms (cache hit)
634 http cache @types/aria-query@https://registry.npmjs.org/@types/aria-query/-/aria-query-5.0.4.tgz 0ms (cache hit)
635 http cache @babel/runtime@https://registry.npmjs.org/@babel/runtime/-/runtime-7.28.4.tgz 0ms (cache hit)
636 http cache @acemir/cssom@https://registry.npmjs.org/@acemir/cssom/-/cssom-0.9.30.tgz 0ms (cache hit)
637 http cache jsdom@https://registry.npmjs.org/jsdom/-/jsdom-27.4.0.tgz 0ms (cache hit)
638 http cache @testing-library/user-event@https://registry.npmjs.org/@testing-library/user-event/-/user-event-14.6.1.tgz 0ms (cache hit)
639 http cache @testing-library/react@https://registry.npmjs.org/@testing-library/react/-/react-16.3.1.tgz 0ms (cache hit)
640 http cache @testing-library/dom@https://registry.npmjs.org/@testing-library/dom/-/dom-10.4.1.tgz 0ms (cache hit)
641 http cache vitest@https://registry.npmjs.org/vitest/-/vitest-4.0.16.tgz 0ms (cache hit)
642 http cache pretty-format@https://registry.npmjs.org/pretty-format/-/pretty-format-27.5.1.tgz 0ms (cache hit)
643 http cache lru-cache@https://registry.npmjs.org/lru-cache/-/lru-cache-11.2.4.tgz 0ms (cache hit)
644 http cache lru-cache@https://registry.npmjs.org/lru-cache/-/lru-cache-11.2.4.tgz 0ms (cache hit)
645 http cache lru-cache@https://registry.npmjs.org/lru-cache/-/lru-cache-11.2.4.tgz 0ms (cache hit)
646 http cache ansi-styles@https://registry.npmjs.org/ansi-styles/-/ansi-styles-5.2.0.tgz 0ms (cache hit)
647 silly tarball no local data for stackback@https://registry.npmjs.org/stackback/-/stackback-0.0.2.tgz. Extracting by manifest.
648 silly tarball no local data for tr46@https://registry.npmjs.org/tr46/-/tr46-6.0.0.tgz. Extracting by manifest.
649 silly tarball no local data for siginfo@https://registry.npmjs.org/siginfo/-/siginfo-2.0.0.tgz. Extracting by manifest.
650 silly tarball no local data for estree-walker@https://registry.npmjs.org/estree-walker/-/estree-walker-3.0.3.tgz. Extracting by manifest.
651 silly tarball no local data for assertion-error@https://registry.npmjs.org/assertion-error/-/assertion-error-2.0.1.tgz. Extracting by manifest.
652 silly tarball no local data for @types/deep-eql@https://registry.npmjs.org/@types/deep-eql/-/deep-eql-4.0.2.tgz. Extracting by manifest.
653 silly tarball no local data for chai@https://registry.npmjs.org/chai/-/chai-6.2.2.tgz. Extracting by manifest.
654 silly tarball no local data for @types/chai@https://registry.npmjs.org/@types/chai/-/chai-5.2.3.tgz. Extracting by manifest.
655 silly tarball no local data for @standard-schema/spec@https://registry.npmjs.org/@standard-schema/spec/-/spec-1.1.0.tgz. Extracting by manifest.
656 silly tarball no local data for why-is-node-running@https://registry.npmjs.org/why-is-node-running/-/why-is-node-running-2.3.0.tgz. Extracting by manifest.
657 silly tarball no local data for tinyrainbow@https://registry.npmjs.org/tinyrainbow/-/tinyrainbow-3.0.3.tgz. Extracting by manifest.
658 silly tarball no local data for tinyexec@https://registry.npmjs.org/tinyexec/-/tinyexec-1.0.2.tgz. Extracting by manifest.
659 silly tarball no local data for tinybench@https://registry.npmjs.org/tinybench/-/tinybench-2.9.0.tgz. Extracting by manifest.
660 silly tarball no local data for std-env@https://registry.npmjs.org/std-env/-/std-env-3.10.0.tgz. Extracting by manifest.
661 silly tarball no local data for pathe@https://registry.npmjs.org/pathe/-/pathe-2.0.3.tgz. Extracting by manifest.
662 silly tarball no local data for obug@https://registry.npmjs.org/obug/-/obug-2.1.1.tgz. Extracting by manifest.
663 silly tarball no local data for magic-string@https://registry.npmjs.org/magic-string/-/magic-string-0.30.21.tgz. Extracting by manifest.
664 silly tarball no local data for @vitest/utils@https://registry.npmjs.org/@vitest/utils/-/utils-4.0.16.tgz. Extracting by manifest.
665 silly tarball no local data for expect-type@https://registry.npmjs.org/expect-type/-/expect-type-1.3.0.tgz. Extracting by manifest.
666 silly tarball no local data for @vitest/snapshot@https://registry.npmjs.org/@vitest/snapshot/-/snapshot-4.0.16.tgz. Extracting by manifest.
667 silly tarball no local data for es-module-lexer@https://registry.npmjs.org/es-module-lexer/-/es-module-lexer-1.7.0.tgz. Extracting by manifest.
668 silly tarball no local data for @vitest/runner@https://registry.npmjs.org/@vitest/runner/-/runner-4.0.16.tgz. Extracting by manifest.
669 silly tarball no local data for @vitest/spy@https://registry.npmjs.org/@vitest/spy/-/spy-4.0.16.tgz. Extracting by manifest.
670 silly tarball no local data for @vitest/pretty-format@https://registry.npmjs.org/@vitest/pretty-format/-/pretty-format-4.0.16.tgz. Extracting by manifest.
671 silly tarball no local data for tldts-core@https://registry.npmjs.org/tldts-core/-/tldts-core-7.0.19.tgz. Extracting by manifest.
672 silly tarball no local data for @vitest/expect@https://registry.npmjs.org/@vitest/expect/-/expect-4.0.16.tgz. Extracting by manifest.
673 silly tarball no local data for tldts@https://registry.npmjs.org/tldts/-/tldts-7.0.19.tgz. Extracting by manifest.
674 silly tarball no local data for @vitest/mocker@https://registry.npmjs.org/@vitest/mocker/-/mocker-4.0.16.tgz. Extracting by manifest.
675 silly tarball no local data for xmlchars@https://registry.npmjs.org/xmlchars/-/xmlchars-2.2.0.tgz. Extracting by manifest.
676 silly tarball no local data for react-is@https://registry.npmjs.org/react-is/-/react-is-17.0.2.tgz. Extracting by manifest.
677 silly tarball no local data for ansi-regex@https://registry.npmjs.org/ansi-regex/-/ansi-regex-5.0.1.tgz. Extracting by manifest.
678 silly tarball no local data for agent-base@https://registry.npmjs.org/agent-base/-/agent-base-7.1.4.tgz. Extracting by manifest.
679 silly tarball no local data for entities@https://registry.npmjs.org/entities/-/entities-6.0.1.tgz. Extracting by manifest.
680 silly tarball no local data for @csstools/css-color-parser@https://registry.npmjs.org/@csstools/css-color-parser/-/css-color-parser-3.1.0.tgz. Extracting by manifest.
681 silly tarball no local data for @csstools/css-tokenizer@https://registry.npmjs.org/@csstools/css-tokenizer/-/css-tokenizer-3.0.4.tgz. Extracting by manifest.
682 silly tarball no local data for @csstools/css-parser-algorithms@https://registry.npmjs.org/@csstools/css-parser-algorithms/-/css-parser-algorithms-3.0.5.tgz. Extracting by manifest.
683 silly tarball no local data for @csstools/css-calc@https://registry.npmjs.org/@csstools/css-calc/-/css-calc-2.1.4.tgz. Extracting by manifest.
684 silly tarball no local data for @csstools/css-syntax-patches-for-csstree@https://registry.npmjs.org/@csstools/css-syntax-patches-for-csstree/-/css-syntax-patches-for-csstree-1.0.23.tgz. Extracting by manifest.
685 silly tarball no local data for css-tree@https://registry.npmjs.org/css-tree/-/css-tree-3.1.0.tgz. Extracting by manifest.
686 silly tarball no local data for bidi-js@https://registry.npmjs.org/bidi-js/-/bidi-js-1.0.3.tgz. Extracting by manifest.
687 silly tarball no local data for @asamuzakjp/nwsapi@https://registry.npmjs.org/@asamuzakjp/nwsapi/-/nwsapi-2.3.9.tgz. Extracting by manifest.
688 silly tarball no local data for @csstools/color-helpers@https://registry.npmjs.org/@csstools/color-helpers/-/color-helpers-5.1.0.tgz. Extracting by manifest.
689 silly tarball no local data for xml-name-validator@https://registry.npmjs.org/xml-name-validator/-/xml-name-validator-5.0.0.tgz. Extracting by manifest.
690 silly tarball no local data for @asamuzakjp/css-color@https://registry.npmjs.org/@asamuzakjp/css-color/-/css-color-4.1.1.tgz. Extracting by manifest.
691 silly tarball no local data for mdn-data@https://registry.npmjs.org/mdn-data/-/mdn-data-2.12.2.tgz. Extracting by manifest.
692 silly tarball no local data for ws@https://registry.npmjs.org/ws/-/ws-8.19.0.tgz. Extracting by manifest.
693 silly tarball no local data for whatwg-url@https://registry.npmjs.org/whatwg-url/-/whatwg-url-15.1.0.tgz. Extracting by manifest.
694 silly tarball no local data for whatwg-mimetype@https://registry.npmjs.org/whatwg-mimetype/-/whatwg-mimetype-4.0.0.tgz. Extracting by manifest.
695 silly tarball no local data for w3c-xmlserializer@https://registry.npmjs.org/w3c-xmlserializer/-/w3c-xmlserializer-5.0.0.tgz. Extracting by manifest.
696 silly tarball no local data for webidl-conversions@https://registry.npmjs.org/webidl-conversions/-/webidl-conversions-8.0.1.tgz. Extracting by manifest.
697 silly tarball no local data for require-from-string@https://registry.npmjs.org/require-from-string/-/require-from-string-2.0.2.tgz. Extracting by manifest.
698 silly tarball no local data for tough-cookie@https://registry.npmjs.org/tough-cookie/-/tough-cookie-6.0.0.tgz. Extracting by manifest.
699 silly tarball no local data for symbol-tree@https://registry.npmjs.org/symbol-tree/-/symbol-tree-3.2.4.tgz. Extracting by manifest.
700 silly tarball no local data for saxes@https://registry.npmjs.org/saxes/-/saxes-6.0.0.tgz. Extracting by manifest.
701 silly tarball no local data for parse5@https://registry.npmjs.org/parse5/-/parse5-8.0.0.tgz. Extracting by manifest.
702 silly tarball no local data for is-potential-custom-element-name@https://registry.npmjs.org/is-potential-custom-element-name/-/is-potential-custom-element-name-1.0.1.tgz. Extracting by manifest.
703 silly tarball no local data for http-proxy-agent@https://registry.npmjs.org/http-proxy-agent/-/http-proxy-agent-7.0.2.tgz. Extracting by manifest.
704 silly tarball no local data for html-encoding-sniffer@https://registry.npmjs.org/html-encoding-sniffer/-/html-encoding-sniffer-6.0.0.tgz. Extracting by manifest.
705 silly tarball no local data for data-urls@https://registry.npmjs.org/data-urls/-/data-urls-6.0.0.tgz. Extracting by manifest.
706 silly tarball no local data for decimal.js@https://registry.npmjs.org/decimal.js/-/decimal.js-10.6.0.tgz. Extracting by manifest.
707 silly tarball no local data for @exodus/bytes@https://registry.npmjs.org/@exodus/bytes/-/bytes-1.8.0.tgz. Extracting by manifest.
708 silly tarball no local data for cssstyle@https://registry.npmjs.org/cssstyle/-/cssstyle-5.3.7.tgz. Extracting by manifest.
709 silly tarball no local data for @asamuzakjp/dom-selector@https://registry.npmjs.org/@asamuzakjp/dom-selector/-/dom-selector-6.7.6.tgz. Extracting by manifest.
710 silly tarball no local data for dequal@https://registry.npmjs.org/dequal/-/dequal-2.0.3.tgz. Extracting by manifest.
711 silly tarball no local data for https-proxy-agent@https://registry.npmjs.org/https-proxy-agent/-/https-proxy-agent-7.0.6.tgz. Extracting by manifest.
712 silly tarball no local data for lz-string@https://registry.npmjs.org/lz-string/-/lz-string-1.5.0.tgz. Extracting by manifest.
713 silly tarball no local data for dom-accessibility-api@https://registry.npmjs.org/dom-accessibility-api/-/dom-accessibility-api-0.5.16.tgz. Extracting by manifest.
714 silly tarball no local data for aria-query@https://registry.npmjs.org/aria-query/-/aria-query-5.3.0.tgz. Extracting by manifest.
715 silly tarball no local data for @types/aria-query@https://registry.npmjs.org/@types/aria-query/-/aria-query-5.0.4.tgz. Extracting by manifest.
716 silly tarball no local data for @babel/runtime@https://registry.npmjs.org/@babel/runtime/-/runtime-7.28.4.tgz. Extracting by manifest.
717 silly tarball no local data for @acemir/cssom@https://registry.npmjs.org/@acemir/cssom/-/cssom-0.9.30.tgz. Extracting by manifest.
718 silly tarball no local data for jsdom@https://registry.npmjs.org/jsdom/-/jsdom-27.4.0.tgz. Extracting by manifest.
719 silly tarball no local data for @testing-library/user-event@https://registry.npmjs.org/@testing-library/user-event/-/user-event-14.6.1.tgz. Extracting by manifest.
720 silly tarball no local data for @testing-library/react@https://registry.npmjs.org/@testing-library/react/-/react-16.3.1.tgz. Extracting by manifest.
721 silly tarball no local data for @testing-library/dom@https://registry.npmjs.org/@testing-library/dom/-/dom-10.4.1.tgz. Extracting by manifest.
722 silly tarball no local data for vitest@https://registry.npmjs.org/vitest/-/vitest-4.0.16.tgz. Extracting by manifest.
723 silly tarball no local data for pretty-format@https://registry.npmjs.org/pretty-format/-/pretty-format-27.5.1.tgz. Extracting by manifest.
724 silly tarball no local data for lru-cache@https://registry.npmjs.org/lru-cache/-/lru-cache-11.2.4.tgz. Extracting by manifest.
725 silly tarball no local data for lru-cache@https://registry.npmjs.org/lru-cache/-/lru-cache-11.2.4.tgz. Extracting by manifest.
726 silly tarball no local data for lru-cache@https://registry.npmjs.org/lru-cache/-/lru-cache-11.2.4.tgz. Extracting by manifest.
727 silly tarball no local data for ansi-styles@https://registry.npmjs.org/ansi-styles/-/ansi-styles-5.2.0.tgz. Extracting by manifest.
728 http fetch GET 200 https://registry.npmjs.org/siginfo/-/siginfo-2.0.0.tgz 125ms (cache miss)
729 http fetch GET 200 https://registry.npmjs.org/stackback/-/stackback-0.0.2.tgz 127ms (cache miss)
730 http fetch GET 200 https://registry.npmjs.org/estree-walker/-/estree-walker-3.0.3.tgz 126ms (cache miss)
731 http fetch GET 200 https://registry.npmjs.org/assertion-error/-/assertion-error-2.0.1.tgz 128ms (cache miss)
732 http fetch GET 200 https://registry.npmjs.org/tr46/-/tr46-6.0.0.tgz 130ms (cache miss)
733 http fetch GET 200 https://registry.npmjs.org/chai/-/chai-6.2.2.tgz 129ms (cache miss)
734 http fetch GET 200 https://registry.npmjs.org/pathe/-/pathe-2.0.3.tgz 132ms (cache miss)
735 http fetch GET 200 https://registry.npmjs.org/@types/deep-eql/-/deep-eql-4.0.2.tgz 140ms (cache miss)
736 http fetch GET 200 https://registry.npmjs.org/tinyrainbow/-/tinyrainbow-3.0.3.tgz 140ms (cache miss)
737 http fetch GET 200 https://registry.npmjs.org/@types/chai/-/chai-5.2.3.tgz 141ms (cache miss)
738 http fetch GET 200 https://registry.npmjs.org/obug/-/obug-2.1.1.tgz 145ms (cache miss)
739 http fetch GET 200 https://registry.npmjs.org/magic-string/-/magic-string-0.30.21.tgz 152ms (cache miss)
740 http fetch POST 200 https://registry.npmjs.org/-/npm/v1/security/advisories/bulk 175ms
741 silly audit report {
741 silly audit report   'react-router': [
741 silly audit report     {
741 silly audit report       id: 1111964,
741 silly audit report       url: 'https://github.com/advisories/GHSA-h5cw-625j-3rxh',
741 silly audit report       title: 'React Router has CSRF issue in Action/Server Action Request Processing',
741 silly audit report       severity: 'moderate',
741 silly audit report       vulnerable_versions: '>=7.0.0 <=7.11.0',
741 silly audit report       cwe: [Array],
741 silly audit report       cvss: [Object]
741 silly audit report     },
741 silly audit report     {
741 silly audit report       id: 1111966,
741 silly audit report       url: 'https://github.com/advisories/GHSA-2w69-qvjg-hvjx',
741 silly audit report       title: 'React Router vulnerable to XSS via Open Redirects',
741 silly audit report       severity: 'high',
741 silly audit report       vulnerable_versions: '>=7.0.0 <=7.11.0',
741 silly audit report       cwe: [Array],
741 silly audit report       cvss: [Object]
741 silly audit report     },
741 silly audit report     {
741 silly audit report       id: 1111979,
741 silly audit report       url: 'https://github.com/advisories/GHSA-8v8x-cx79-35w7',
741 silly audit report       title: 'React Router SSR XSS in ScrollRestoration',
741 silly audit report       severity: 'high',
741 silly audit report       vulnerable_versions: '>=7.0.0 <7.12.0',
741 silly audit report       cwe: [Array],
741 silly audit report       cvss: [Object]
741 silly audit report     }
741 silly audit report   ]
741 silly audit report }
742 silly packumentCache corgi:https://registry.npmjs.org/react-router cache-miss
743 http fetch GET 200 https://registry.npmjs.org/tinybench/-/tinybench-2.9.0.tgz 167ms (cache miss)
744 http fetch GET 200 https://registry.npmjs.org/why-is-node-running/-/why-is-node-running-2.3.0.tgz 170ms (cache miss)
745 http cache https://registry.npmjs.org/react-router 15ms (cache hit)
746 silly packumentCache corgi:https://registry.npmjs.org/react-router set size:1250324 disposed:false
747 silly packumentCache corgi:https://registry.npmjs.org/react-router-dom cache-miss
748 http fetch GET 200 https://registry.npmjs.org/std-env/-/std-env-3.10.0.tgz 206ms (cache miss)
749 http fetch GET 200 https://registry.npmjs.org/tinyexec/-/tinyexec-1.0.2.tgz 209ms (cache miss)
750 http fetch GET 200 https://registry.npmjs.org/@standard-schema/spec/-/spec-1.1.0.tgz 210ms (cache miss)
751 http fetch GET 200 https://registry.npmjs.org/es-module-lexer/-/es-module-lexer-1.7.0.tgz 210ms (cache miss)
752 http fetch GET 200 https://registry.npmjs.org/react-is/-/react-is-17.0.2.tgz 210ms (cache miss)
753 http fetch GET 200 https://registry.npmjs.org/ansi-regex/-/ansi-regex-5.0.1.tgz 212ms (cache miss)
754 http cache https://registry.npmjs.org/react-router-dom 24ms (cache hit)
755 silly packumentCache corgi:https://registry.npmjs.org/react-router-dom set size:998010 disposed:false
756 http fetch GET 200 https://registry.npmjs.org/expect-type/-/expect-type-1.3.0.tgz 231ms (cache miss)
757 http fetch GET 200 https://registry.npmjs.org/@vitest/expect/-/expect-4.0.16.tgz 234ms (cache miss)
758 http fetch GET 200 https://registry.npmjs.org/@csstools/css-color-parser/-/css-color-parser-3.1.0.tgz 234ms (cache miss)
759 http fetch GET 200 https://registry.npmjs.org/agent-base/-/agent-base-7.1.4.tgz 235ms (cache miss)
760 http fetch GET 200 https://registry.npmjs.org/@csstools/css-tokenizer/-/css-tokenizer-3.0.4.tgz 240ms (cache miss)
761 http fetch GET 200 https://registry.npmjs.org/@vitest/runner/-/runner-4.0.16.tgz 243ms (cache miss)
762 http fetch GET 200 https://registry.npmjs.org/xmlchars/-/xmlchars-2.2.0.tgz 245ms (cache miss)
763 http fetch GET 200 https://registry.npmjs.org/@vitest/utils/-/utils-4.0.16.tgz 248ms (cache miss)
764 http fetch GET 200 https://registry.npmjs.org/@csstools/css-calc/-/css-calc-2.1.4.tgz 256ms (cache miss)
765 http fetch GET 200 https://registry.npmjs.org/bidi-js/-/bidi-js-1.0.3.tgz 261ms (cache miss)
766 http fetch GET 200 https://registry.npmjs.org/@csstools/css-parser-algorithms/-/css-parser-algorithms-3.0.5.tgz 269ms (cache miss)
767 http fetch GET 200 https://registry.npmjs.org/@csstools/css-syntax-patches-for-csstree/-/css-syntax-patches-for-csstree-1.0.23.tgz 306ms (cache miss)
768 http fetch GET 200 https://registry.npmjs.org/@asamuzakjp/nwsapi/-/nwsapi-2.3.9.tgz 316ms (cache miss)
769 http fetch GET 200 https://registry.npmjs.org/webidl-conversions/-/webidl-conversions-8.0.1.tgz 325ms (cache miss)
770 http fetch GET 200 https://registry.npmjs.org/whatwg-mimetype/-/whatwg-mimetype-4.0.0.tgz 326ms (cache miss)
771 http fetch GET 200 https://registry.npmjs.org/@csstools/color-helpers/-/color-helpers-5.1.0.tgz 330ms (cache miss)
772 http fetch GET 200 https://registry.npmjs.org/require-from-string/-/require-from-string-2.0.2.tgz 329ms (cache miss)
773 http fetch GET 200 https://registry.npmjs.org/@vitest/snapshot/-/snapshot-4.0.16.tgz 337ms (cache miss)
774 http fetch GET 200 https://registry.npmjs.org/w3c-xmlserializer/-/w3c-xmlserializer-5.0.0.tgz 333ms (cache miss)
775 http fetch GET 200 https://registry.npmjs.org/mdn-data/-/mdn-data-2.12.2.tgz 348ms (cache miss)
776 http fetch GET 200 https://registry.npmjs.org/tldts-core/-/tldts-core-7.0.19.tgz 354ms (cache miss)
777 http fetch GET 200 https://registry.npmjs.org/tough-cookie/-/tough-cookie-6.0.0.tgz 353ms (cache miss)
778 http fetch GET 200 https://registry.npmjs.org/entities/-/entities-6.0.1.tgz 357ms (cache miss)
779 http fetch GET 200 https://registry.npmjs.org/saxes/-/saxes-6.0.0.tgz 364ms (cache miss)
780 http fetch GET 200 https://registry.npmjs.org/symbol-tree/-/symbol-tree-3.2.4.tgz 366ms (cache miss)
781 http fetch GET 200 https://registry.npmjs.org/is-potential-custom-element-name/-/is-potential-custom-element-name-1.0.1.tgz 370ms (cache miss)
782 http fetch GET 200 https://registry.npmjs.org/@vitest/pretty-format/-/pretty-format-4.0.16.tgz 387ms (cache miss)
783 http fetch GET 200 https://registry.npmjs.org/@vitest/mocker/-/mocker-4.0.16.tgz 391ms (cache miss)
784 http fetch GET 200 https://registry.npmjs.org/html-encoding-sniffer/-/html-encoding-sniffer-6.0.0.tgz 387ms (cache miss)
785 http fetch GET 200 https://registry.npmjs.org/http-proxy-agent/-/http-proxy-agent-7.0.2.tgz 389ms (cache miss)
786 http fetch GET 200 https://registry.npmjs.org/parse5/-/parse5-8.0.0.tgz 391ms (cache miss)
787 http fetch GET 200 https://registry.npmjs.org/data-urls/-/data-urls-6.0.0.tgz 404ms (cache miss)
788 http fetch GET 200 https://registry.npmjs.org/decimal.js/-/decimal.js-10.6.0.tgz 404ms (cache miss)
789 http fetch GET 200 https://registry.npmjs.org/dequal/-/dequal-2.0.3.tgz 404ms (cache miss)
790 http fetch GET 200 https://registry.npmjs.org/https-proxy-agent/-/https-proxy-agent-7.0.6.tgz 414ms (cache miss)
791 http fetch GET 200 https://registry.npmjs.org/@exodus/bytes/-/bytes-1.8.0.tgz 421ms (cache miss)
792 http fetch GET 200 https://registry.npmjs.org/lz-string/-/lz-string-1.5.0.tgz 428ms (cache miss)
793 http fetch GET 200 https://registry.npmjs.org/dom-accessibility-api/-/dom-accessibility-api-0.5.16.tgz 450ms (cache miss)
794 http fetch GET 200 https://registry.npmjs.org/@asamuzakjp/dom-selector/-/dom-selector-6.7.6.tgz 469ms (cache miss)
795 http fetch GET 200 https://registry.npmjs.org/cssstyle/-/cssstyle-5.3.7.tgz 484ms (cache miss)
796 http fetch GET 200 https://registry.npmjs.org/@asamuzakjp/css-color/-/css-color-4.1.1.tgz 502ms (cache miss)
797 http fetch GET 200 https://registry.npmjs.org/pretty-format/-/pretty-format-27.5.1.tgz 518ms (cache miss)
798 http fetch GET 200 https://registry.npmjs.org/@testing-library/react/-/react-16.3.1.tgz 522ms (cache miss)
799 http fetch GET 200 https://registry.npmjs.org/css-tree/-/css-tree-3.1.0.tgz 550ms (cache miss)
800 http fetch GET 200 https://registry.npmjs.org/@babel/runtime/-/runtime-7.28.4.tgz 548ms (cache miss)
801 http fetch GET 200 https://registry.npmjs.org/aria-query/-/aria-query-5.3.0.tgz 566ms (cache miss)
802 http fetch GET 200 https://registry.npmjs.org/ansi-styles/-/ansi-styles-5.2.0.tgz 610ms (cache miss)
803 http fetch GET 200 https://registry.npmjs.org/xml-name-validator/-/xml-name-validator-5.0.0.tgz 632ms (cache miss)
804 http fetch GET 200 https://registry.npmjs.org/lru-cache/-/lru-cache-11.2.4.tgz 629ms (cache miss)
805 http fetch GET 200 https://registry.npmjs.org/@types/aria-query/-/aria-query-5.0.4.tgz 658ms (cache miss)
806 http fetch GET 200 https://registry.npmjs.org/whatwg-url/-/whatwg-url-15.1.0.tgz 674ms (cache miss)
807 http fetch GET 200 https://registry.npmjs.org/@vitest/spy/-/spy-4.0.16.tgz 681ms (cache miss)
808 http fetch GET 200 https://registry.npmjs.org/lru-cache/-/lru-cache-11.2.4.tgz 674ms (cache miss)
809 http fetch GET 200 https://registry.npmjs.org/ws/-/ws-8.19.0.tgz 683ms (cache miss)
810 http fetch GET 200 https://registry.npmjs.org/tldts/-/tldts-7.0.19.tgz 689ms (cache miss)
811 http fetch GET 200 https://registry.npmjs.org/lru-cache/-/lru-cache-11.2.4.tgz 703ms (cache miss)
812 http fetch GET 200 https://registry.npmjs.org/@testing-library/dom/-/dom-10.4.1.tgz 708ms (cache miss)
813 http fetch GET 200 https://registry.npmjs.org/vitest/-/vitest-4.0.16.tgz 721ms (cache miss)
814 http fetch GET 200 https://registry.npmjs.org/@acemir/cssom/-/cssom-0.9.30.tgz 3110ms (cache miss)
815 http fetch GET 200 https://registry.npmjs.org/@testing-library/user-event/-/user-event-14.6.1.tgz 13222ms (cache miss)
816 http fetch GET 200 https://registry.npmjs.org/jsdom/-/jsdom-27.4.0.tgz 13255ms (cache miss)
817 silly ADD node_modules/stackback
818 silly ADD node_modules/siginfo
819 silly ADD node_modules/tr46
820 silly ADD node_modules/estree-walker
821 silly ADD node_modules/assertion-error
822 silly ADD node_modules/@types/deep-eql
823 silly ADD node_modules/chai
824 silly ADD node_modules/@types/chai
825 silly ADD node_modules/@standard-schema/spec
826 silly ADD node_modules/why-is-node-running
827 silly ADD node_modules/tinyrainbow
828 silly ADD node_modules/tinyexec
829 silly ADD node_modules/tinybench
830 silly ADD node_modules/std-env
831 silly ADD node_modules/pathe
832 silly ADD node_modules/obug
833 silly ADD node_modules/magic-string
834 silly ADD node_modules/expect-type
835 silly ADD node_modules/es-module-lexer
836 silly ADD node_modules/@vitest/utils
837 silly ADD node_modules/@vitest/spy
838 silly ADD node_modules/@vitest/snapshot
839 silly ADD node_modules/@vitest/runner
840 silly ADD node_modules/@vitest/pretty-format
841 silly ADD node_modules/@vitest/mocker
842 silly ADD node_modules/@vitest/expect
843 silly ADD node_modules/tldts-core
844 silly ADD node_modules/tldts
845 silly ADD node_modules/xmlchars
846 silly ADD node_modules/react-is
847 silly ADD node_modules/ansi-regex
848 silly ADD node_modules/entities
849 silly ADD node_modules/agent-base
850 silly ADD node_modules/@csstools/color-helpers
851 silly ADD node_modules/@csstools/css-color-parser
852 silly ADD node_modules/@csstools/css-tokenizer
853 silly ADD node_modules/@csstools/css-parser-algorithms
854 silly ADD node_modules/@csstools/css-calc
855 silly ADD node_modules/@csstools/css-syntax-patches-for-csstree
856 silly ADD node_modules/@asamuzakjp/css-color
857 silly ADD node_modules/@asamuzakjp/css-color/node_modules/lru-cache
858 silly ADD node_modules/mdn-data
859 silly ADD node_modules/require-from-string
860 silly ADD node_modules/css-tree
861 silly ADD node_modules/bidi-js
862 silly ADD node_modules/@asamuzakjp/nwsapi
863 silly ADD node_modules/xml-name-validator
864 silly ADD node_modules/ws
865 silly ADD node_modules/whatwg-url
866 silly ADD node_modules/whatwg-mimetype
867 silly ADD node_modules/webidl-conversions
868 silly ADD node_modules/w3c-xmlserializer
869 silly ADD node_modules/tough-cookie
870 silly ADD node_modules/symbol-tree
871 silly ADD node_modules/saxes
872 silly ADD node_modules/parse5
873 silly ADD node_modules/is-potential-custom-element-name
874 silly ADD node_modules/https-proxy-agent
875 silly ADD node_modules/http-proxy-agent
876 silly ADD node_modules/html-encoding-sniffer
877 silly ADD node_modules/decimal.js
878 silly ADD node_modules/data-urls
879 silly ADD node_modules/cssstyle
880 silly ADD node_modules/cssstyle/node_modules/lru-cache
881 silly ADD node_modules/@exodus/bytes
882 silly ADD node_modules/@asamuzakjp/dom-selector
883 silly ADD node_modules/@asamuzakjp/dom-selector/node_modules/lru-cache
884 silly ADD node_modules/@acemir/cssom
885 silly ADD node_modules/dequal
886 silly ADD node_modules/pretty-format
887 silly ADD node_modules/pretty-format/node_modules/ansi-styles
888 silly ADD node_modules/lz-string
889 silly ADD node_modules/dom-accessibility-api
890 silly ADD node_modules/aria-query
891 silly ADD node_modules/@types/aria-query
892 silly ADD node_modules/@babel/runtime
893 silly ADD node_modules/vitest
894 silly ADD node_modules/jsdom
895 silly ADD node_modules/@testing-library/user-event
896 silly ADD node_modules/@testing-library/react
897 silly ADD node_modules/@testing-library/dom
898 verbose cwd /Users/junjeong/Documents/문서 - 주녕의 MacBook Pro/coding/project/sikggu_FE
899 verbose os Darwin 25.2.0
900 verbose node v25.2.1
901 verbose npm  v11.6.2
902 verbose exit 0
903 info ok
